<?xml version="1.0" encoding="UTF-8"?>
<testng-results ignored="0" total="3" passed="3" failed="0" skipped="0">
  <reporter-output>
  </reporter-output>
  <suite started-at="2026-04-27T22:36:32 WITA" name="Surefire suite" finished-at="2026-04-27T22:36:59 WITA" duration-ms="26927">
    <groups>
      <group name="cucumber">
        <method signature="AbstractTestNGCucumberTests.runScenario(io.cucumber.testng.PickleWrapper,io.cucumber.testng.FeatureWrapper)[pri:0, instance:com.project6.TestRunner@7c0c77c7]" name="runScenario" class="io.cucumber.testng.AbstractTestNGCucumberTests"/>
      </group> <!-- cucumber -->
    </groups>
    <test started-at="2026-04-27T22:36:32 WITA" name="Surefire test" finished-at="2026-04-27T22:36:59 WITA" duration-ms="26927">
      <class name="com.project6.TestRunner">
        <test-method is-config="true" signature="setUpClass(org.testng.ITestContext)[pri:0, instance:com.project6.TestRunner@7c0c77c7]" started-at="2026-04-27T22:36:32 WITA" name="setUpClass" finished-at="2026-04-27T22:36:43 WITA" duration-ms="11019" status="PASS">
          <params>
            <param index="0">
              <value>
                <![CDATA[org.testng.TestRunner@2e5ee2c9]]>
              </value>
            </param>
          </params>
          <reporter-output>
          </reporter-output>
        </test-method> <!-- setUpClass -->
        <test-method signature="runScenario(io.cucumber.testng.PickleWrapper,io.cucumber.testng.FeatureWrapper)[pri:0, instance:com.project6.TestRunner@7c0c77c7]" started-at="2026-04-27T22:36:43 WITA" name="runScenario" description="Runs Cucumber Scenarios" data-provider="scenarios" finished-at="2026-04-27T22:36:52 WITA" duration-ms="8637" status="PASS">
          <params>
            <param index="0">
              <value>
                <![CDATA["Failed edit user"]]>
              </value>
            </param>
            <param index="1">
              <value>
                <![CDATA["EditUser"]]>
              </value>
            </param>
          </params>
          <reporter-output>
          </reporter-output>
        </test-method> <!-- runScenario -->
        <test-method signature="runScenario(io.cucumber.testng.PickleWrapper,io.cucumber.testng.FeatureWrapper)[pri:0, instance:com.project6.TestRunner@7c0c77c7]" started-at="2026-04-27T22:36:52 WITA" name="runScenario" description="Runs Cucumber Scenarios" data-provider="scenarios" finished-at="2026-04-27T22:36:57 WITA" duration-ms="4680" status="PASS">
          <params>
            <param index="0">
              <value>
                <![CDATA["Successful login with valid credentials"]]>
              </value>
            </param>
            <param index="1">
              <value>
                <![CDATA["SauceDemo Login Functionality"]]>
              </value>
            </param>
          </params>
          <reporter-output>
          </reporter-output>
        </test-method> <!-- runScenario -->
        <test-method signature="runScenario(io.cucumber.testng.PickleWrapper,io.cucumber.testng.FeatureWrapper)[pri:0, instance:com.project6.TestRunner@7c0c77c7]" started-at="2026-04-27T22:36:57 WITA" name="runScenario" description="Runs Cucumber Scenarios" data-provider="scenarios" finished-at="2026-04-27T22:36:59 WITA" duration-ms="2040" status="PASS">
          <params>
            <param index="0">
              <value>
                <![CDATA["Export data user"]]>
              </value>
            </param>
            <param index="1">
              <value>
                <![CDATA["User"]]>
              </value>
            </param>
          </params>
          <reporter-output>
          </reporter-output>
        </test-method> <!-- runScenario -->
        <test-method is-config="true" signature="tearDownClass()[pri:0, instance:com.project6.TestRunner@7c0c77c7]" started-at="2026-04-27T22:36:59 WITA" name="tearDownClass" finished-at="2026-04-27T22:36:59 WITA" duration-ms="448" status="PASS">
          <reporter-output>
          </reporter-output>
        </test-method> <!-- tearDownClass -->
      </class> <!-- com.project6.TestRunner -->
    </test> <!-- Surefire test -->
  </suite> <!-- Surefire suite -->
</testng-results>
