<?xml version="1.0" encoding="UTF-8"?>
<testsuite xmlns:xsi="http://www.w3.org/2001/XMLSchema-instance" xsi:noNamespaceSchemaLocation="https://maven.apache.org/surefire/maven-surefire-plugin/xsd/surefire-test-report.xsd" name="TestSuite" time="92.535" tests="17" errors="0" skipped="0" failures="1">
  <properties>
[...]
</properties>
  <testcase name="runScenario" classname="com.project6.TestRunner" time="7.304"/>
  <testcase name="runScenario" classname="com.project6.TestRunner" time="7.282"/>
  <testcase name="runScenario" classname="com.project6.TestRunner" time="6.194"/>
  <testcase name="runScenario" classname="com.project6.TestRunner" time="3.948"/>
  <testcase name="runScenario" classname="com.project6.TestRunner" time="4.996"/>
  <testcase name="runScenario" classname="com.project6.TestRunner" time="5.931">
    <failure message="stale element reference: stale element not found in the current frame&#10;  (Session info: chrome=147.0.7727.138)&#10;For documentation on this error, please visit: https://www.selenium.dev/documentation/webdriver/troubleshooting/errors#staleelementreferenceexception&#10;Build info: version: &apos;4.41.0&apos;, revision: &apos;9fc754f&apos;&#10;System info: os.name: &apos;Windows 10&apos;, os.arch: &apos;amd64&apos;, os.version: &apos;10.0&apos;, java.version: &apos;17.0.8&apos;&#10;Driver info: org.openqa.selenium.chrome.ChromeDriver&#10;Command: [de3bb69bfb14b0df148b05ed3411a58e, clickElement {id=f.0EA6D9ADFAE049D658B010289ED880CC.d.22717B6820E18514CE3A16A9B39E5112.e.422}]&#10;Capabilities {acceptInsecureCerts: false, browserName: chrome, browserVersion: 147.0.7727.138, chrome: {chromedriverVersion: 147.0.7727.117 (474cc805edd..., userDataDir: C:\Users\WIN1O~1\AppData\Lo...}, fedcm:accounts: true, goog:chromeOptions: {debuggerAddress: localhost:56709}, goog:processID: 9644, networkConnectionEnabled: false, pageLoadStrategy: normal, platformName: windows, proxy: Proxy(), se:cdp: ws://localhost:56709/devtoo..., se:cdpVersion: 147.0.7727.138, setWindowRect: true, strictFileInteractability: false, timeouts: {implicit: 0, pageLoad: 300000, script: 30000}, unhandledPromptBehavior: dismiss and notify, webauthn:extension:credBlob: true, webauthn:extension:largeBlob: true, webauthn:extension:minPinLength: true, webauthn:extension:prf: true, webauthn:virtualAuthenticators: true}&#10;Element: [[ChromeDriver: chrome on windows (de3bb69bfb14b0df148b05ed3411a58e)] -&gt; xpath: (//button[contains(@class,&apos;MuiButtonBase-root&apos;)])[6]]&#10;Session ID: de3bb69bfb14b0df148b05ed3411a58e" type="org.openqa.selenium.StaleElementReferenceException">org.openqa.selenium.StaleElementReferenceException: 
stale element reference: stale element not found in the current frame
  (Session info: chrome=147.0.7727.138)
For documentation on this error, please visit: https://www.selenium.dev/documentation/webdriver/troubleshooting/errors#staleelementreferenceexception
Build info: version: '4.41.0', revision: '9fc754f'
System info: os.name: 'Windows 10', os.arch: 'amd64', os.version: '10.0', java.version: '17.0.8'
Driver info: org.openqa.selenium.chrome.ChromeDriver
Command: [de3bb69bfb14b0df148b05ed3411a58e, clickElement {id=f.0EA6D9ADFAE049D658B010289ED880CC.d.22717B6820E18514CE3A16A9B39E5112.e.422}]
Capabilities {acceptInsecureCerts: false, browserName: chrome, browserVersion: 147.0.7727.138, chrome: {chromedriverVersion: 147.0.7727.117 (474cc805edd..., userDataDir: C:\Users\WIN1O~1\AppData\Lo...}, fedcm:accounts: true, goog:chromeOptions: {debuggerAddress: localhost:56709}, goog:processID: 9644, networkConnectionEnabled: false, pageLoadStrategy: normal, platformName: windows, proxy: Proxy(), se:cdp: ws://localhost:56709/devtoo..., se:cdpVersion: 147.0.7727.138, setWindowRect: true, strictFileInteractability: false, timeouts: {implicit: 0, pageLoad: 300000, script: 30000}, unhandledPromptBehavior: dismiss and notify, webauthn:extension:credBlob: true, webauthn:extension:largeBlob: true, webauthn:extension:minPinLength: true, webauthn:extension:prf: true, webauthn:virtualAuthenticators: true}
Element: [[ChromeDriver: chrome on windows (de3bb69bfb14b0df148b05ed3411a58e)] -> xpath: (//button[contains(@class,'MuiButtonBase-root')])[6]]
Session ID: de3bb69bfb14b0df148b05ed3411a58e
</failure>
    <system-out><![CDATA[
&amp#27;[1mScenario:&amp#27;[22m Membatalkan filter pada halaman management user &amp#27;[90m# src/main/java/com/project6/features/FilterBatalUser.feature:3&amp#27;[39m
  &amp#27;[32mâœ”&amp#27;[39m &amp#27;[32m&amp#27;[1mGiven &amp#27;[22mthe user is on the login page&amp#27;[39m                   &amp#27;[90m# com.project6.LoginTest.the_user_is_on_the_login_page()&amp#27;[39m
  &amp#27;[32mâœ”&amp#27;[39m &amp#27;[32m&amp#27;[1mWhen &amp#27;[22mthe user enters valid username and password&amp#27;[39m      &amp#27;[90m# com.project6.LoginTest.the_user_enters_valid_username_and_password()&amp#27;[39m
  &amp#27;[32mâœ”&amp#27;[39m &amp#27;[32m&amp#27;[1mAnd &amp#27;[22mclicks the login button&amp#27;[39m                           &amp#27;[90m# com.project6.LoginTest.clicks_the_login_button()&amp#27;[39m
  &amp#27;[32mâœ”&amp#27;[39m &amp#27;[32m&amp#27;[1mAnd &amp#27;[22muser click menu management&amp#27;[39m                        &amp#27;[90m# com.project6.UserSteps.user_click_menu_management()&amp#27;[39m
  &amp#27;[32mâœ”&amp#27;[39m &amp#27;[32m&amp#27;[1mAnd &amp#27;[22muser click user menu&amp#27;[39m                              &amp#27;[90m# com.project6.UserSteps.user_click_menu_user()&amp#27;[39m
  &amp#27;[31mâœ˜&amp#27;[39m &amp#27;[31m&amp#27;[1mAnd &amp#27;[22muser click filter button&amp#27;[39m                          &amp#27;[90m# com.project6.UserSteps.user_filter_button()&amp#27;[39m
        &amp#27;[31morg.openqa.selenium.StaleElementReferenceException: stale element reference: stale element not found in the current frame&amp#27;[39m
        &amp#27;[31m  (Session info: chrome=147.0.7727.138)&amp#27;[39m
        &amp#27;[31mFor documentation on this error, please visit: https://www.selenium.dev/documentation/webdriver/troubleshooting/errors#staleelementreferenceexception&amp#27;[39m
        &amp#27;[31mBuild info: version: '4.41.0', revision: '9fc754f'&amp#27;[39m
        &amp#27;[31mSystem info: os.name: 'Windows 10', os.arch: 'amd64', os.version: '10.0', java.version: '17.0.8'&amp#27;[39m
        &amp#27;[31mDriver info: org.openqa.selenium.chrome.ChromeDriver&amp#27;[39m
        &amp#27;[31mCommand: [de3bb69bfb14b0df148b05ed3411a58e, clickElement {id=f.0EA6D9ADFAE049D658B010289ED880CC.d.22717B6820E18514CE3A16A9B39E5112.e.422}]&amp#27;[39m
        &amp#27;[31mCapabilities {acceptInsecureCerts: false, browserName: chrome, browserVersion: 147.0.7727.138, chrome: {chromedriverVersion: 147.0.7727.117 (474cc805edd..., userDataDir: C:\Users\WIN1O~1\AppData\Lo...}, fedcm:accounts: true, goog:chromeOptions: {debuggerAddress: localhost:56709}, goog:processID: 9644, networkConnectionEnabled: false, pageLoadStrategy: normal, platformName: windows, proxy: Proxy(), se:cdp: ws://localhost:56709/devtoo..., se:cdpVersion: 147.0.7727.138, setWindowRect: true, strictFileInteractability: false, timeouts: {implicit: 0, pageLoad: 300000, script: 30000}, unhandledPromptBehavior: dismiss and notify, webauthn:extension:credBlob: true, webauthn:extension:largeBlob: true, webauthn:extension:minPinLength: true, webauthn:extension:prf: true, webauthn:virtualAuthenticators: true}&amp#27;[39m
        &amp#27;[31mElement: [[ChromeDriver: chrome on windows (de3bb69bfb14b0df148b05ed3411a58e)] -> xpath: (//button[contains(@class,'MuiButtonBase-root')])[6]]&amp#27;[39m
        &amp#27;[31mSession ID: de3bb69bfb14b0df148b05ed3411a58e&amp#27;[39m
        &amp#27;[31m	at org.openqa.selenium.remote.ErrorCodec.decode(ErrorCodec.java:169)&amp#27;[39m
        &amp#27;[31m	at org.openqa.selenium.remote.codec.w3c.W3CHttpResponseCodec.decode(W3CHttpResponseCodec.java:142)&amp#27;[39m
        &amp#27;[31m	at org.openqa.selenium.remote.codec.w3c.W3CHttpResponseCodec.decode(W3CHttpResponseCodec.java:49)&amp#27;[39m
        &amp#27;[31m	at org.openqa.selenium.remote.HttpCommandExecutor.execute(HttpCommandExecutor.java:223)&amp#27;[39m
        &amp#27;[31m	at org.openqa.selenium.remote.service.DriverCommandExecutor.invokeExecute(DriverCommandExecutor.java:216)&amp#27;[39m
        &amp#27;[31m	at org.openqa.selenium.remote.service.DriverCommandExecutor.execute(DriverCommandExecutor.java:174)&amp#27;[39m
        &amp#27;[31m	at org.openqa.selenium.remote.RemoteWebDriver.execute(RemoteWebDriver.java:604)&amp#27;[39m
        &amp#27;[31m	at org.openqa.selenium.remote.RemoteWebElement.execute(RemoteWebElement.java:223)&amp#27;[39m
        &amp#27;[31m	at org.openqa.selenium.remote.RemoteWebElement.click(RemoteWebElement.java:76)&amp#27;[39m
        &amp#27;[31m	at jdk.internal.reflect.GeneratedMethodAccessor108.invoke(Unknown Source)&amp#27;[39m
        &amp#27;[31m	at java.base/jdk.internal.reflect.DelegatingMethodAccessorImpl.invoke(DelegatingMethodAccessorImpl.java:43)&amp#27;[39m
        &amp#27;[31m	at java.base/java.lang.reflect.Method.invoke(Method.java:568)&amp#27;[39m
        &amp#27;[31m	at org.openqa.selenium.support.pagefactory.internal.LocatingElementHandler.invoke(LocatingElementHandler.java:51)&amp#27;[39m
        &amp#27;[31m	at jdk.proxy2/jdk.proxy2.$Proxy21.click(Unknown Source)&amp#27;[39m
        &amp#27;[31m	at com.project6.pages.User.clickFilterButton(User.java:130)&amp#27;[39m
        &amp#27;[31m	at com.project6.UserSteps.user_filter_button(UserSteps.java:108)&amp#27;[39m
        &amp#27;[31m	at âœ½.user click filter button(file:///C:/Users/WIN%201O/Documents/SQABatch27/Real-Project-Absensi-main/src/main/java/com/project6/features/FilterBatalUser.feature:9)&amp#27;[39m
  &amp#27;[36mâ†·&amp#27;[39m &amp#27;[36m&amp#27;[1mAnd &amp#27;[22muser click batal filter button&amp#27;[39m                    &amp#27;[90m# com.project6.UserSteps.clickBatalButtonFilterUser()&amp#27;[39m
  &amp#27;[36mâ†·&amp#27;[39m &amp#27;[36m&amp#27;[1mThen &amp#27;[22muser kembali ke halaman user&amp#27;[39m                     &amp#27;[90m# com.project6.UserSteps.user_kembali_ke_halaman_user()&amp#27;[39m
]]></system-out>
  </testcase>
  <testcase name="runScenario" classname="com.project6.TestRunner" time="1.665"/>
  <testcase name="runScenario" classname="com.project6.TestRunner" time="5.398"/>
  <testcase name="runScenario" classname="com.project6.TestRunner" time="5.962"/>
  <testcase name="runScenario" classname="com.project6.TestRunner" time="5.984"/>
  <testcase name="runScenario" classname="com.project6.TestRunner" time="6.527"/>
  <testcase name="runScenario" classname="com.project6.TestRunner" time="5"/>
  <testcase name="runScenario" classname="com.project6.TestRunner" time="3.67"/>
  <testcase name="runScenario" classname="com.project6.TestRunner" time="5.557"/>
  <testcase name="runScenario" classname="com.project6.TestRunner" time="2.018"/>
  <testcase name="runScenario" classname="com.project6.TestRunner" time="4.515"/>
  <testcase name="runScenario" classname="com.project6.TestRunner" time="2.003"/>
</testsuite>