<?xml version="1.0" encoding="UTF-8"?>
<testsuite xmlns:xsi="http://www.w3.org/2001/XMLSchema-instance" xsi:noNamespaceSchemaLocation="https://maven.apache.org/surefire/maven-surefire-plugin/xsd/surefire-test-report.xsd" name="TestSuite" time="108.298" tests="18" errors="0" skipped="0" failures="8">
  <properties>
[...]
</properties>
  <testcase name="runScenario" classname="com.project6.TestRunner" time="7.491">
    <failure message="element click intercepted: Element &lt;input aria-invalid=&quot;false&quot; id=&quot;name&quot; name=&quot;name&quot; required=&quot;&quot; type=&quot;text&quot; class=&quot;MuiInputBase-input MuiOutlinedInput-input MuiInputBase-inputSizeSmall css-1o6z5ng&quot; value=&quot;&quot;&gt; is not clickable at point (640, 231). Other element would receive the click: &lt;input aria-invalid=&quot;false&quot; id=&quot;latitude&quot; name=&quot;latitude&quot; required=&quot;&quot; type=&quot;text&quot; class=&quot;MuiInputBase-input MuiOutlinedInput-input MuiInputBase-inputSizeSmall css-1o6z5ng&quot; value=&quot;&quot;&gt;&#10;  (Session info: chrome=147.0.7727.138)&#10;Build info: version: &apos;4.41.0&apos;, revision: &apos;9fc754f&apos;&#10;System info: os.name: &apos;Windows 10&apos;, os.arch: &apos;amd64&apos;, os.version: &apos;10.0&apos;, java.version: &apos;17.0.8&apos;&#10;Driver info: org.openqa.selenium.chrome.ChromeDriver&#10;Command: [92c69f738b1489ee2be2fa60c24d8dfc, clickElement {id=f.3D79686681D70C0E95FF306FCD2CC69E.d.5ECA64B09F09A328068587E5EA753407.e.64}]&#10;Capabilities {acceptInsecureCerts: false, browserName: chrome, browserVersion: 147.0.7727.138, chrome: {chromedriverVersion: 147.0.7727.117 (474cc805edd..., userDataDir: C:\Users\WIN1O~1\AppData\Lo...}, fedcm:accounts: true, goog:chromeOptions: {debuggerAddress: localhost:55632}, goog:processID: 38428, networkConnectionEnabled: false, pageLoadStrategy: normal, platformName: windows, proxy: Proxy(), se:cdp: ws://localhost:55632/devtoo..., se:cdpVersion: 147.0.7727.138, setWindowRect: true, strictFileInteractability: false, timeouts: {implicit: 0, pageLoad: 300000, script: 30000}, unhandledPromptBehavior: dismiss and notify, webauthn:extension:credBlob: true, webauthn:extension:largeBlob: true, webauthn:extension:minPinLength: true, webauthn:extension:prf: true, webauthn:virtualAuthenticators: true}&#10;Element: [[ChromeDriver: chrome on windows (92c69f738b1489ee2be2fa60c24d8dfc)] -&gt; xpath: (//input[contains(@class,&apos;MuiInputBase-input MuiOutlinedInput-input MuiInputBase-inputSizeSmall&apos;)])[1]]&#10;Session ID: 92c69f738b1489ee2be2fa60c24d8dfc" type="org.openqa.selenium.ElementClickInterceptedException"><![CDATA[org.openqa.selenium.ElementClickInterceptedException: 
element click intercepted: Element <input aria-invalid="false" id="name" name="name" required="" type="text" class="MuiInputBase-input MuiOutlinedInput-input MuiInputBase-inputSizeSmall css-1o6z5ng" value=""> is not clickable at point (640, 231). Other element would receive the click: <input aria-invalid="false" id="latitude" name="latitude" required="" type="text" class="MuiInputBase-input MuiOutlinedInput-input MuiInputBase-inputSizeSmall css-1o6z5ng" value="">
  (Session info: chrome=147.0.7727.138)
Build info: version: '4.41.0', revision: '9fc754f'
System info: os.name: 'Windows 10', os.arch: 'amd64', os.version: '10.0', java.version: '17.0.8'
Driver info: org.openqa.selenium.chrome.ChromeDriver
Command: [92c69f738b1489ee2be2fa60c24d8dfc, clickElement {id=f.3D79686681D70C0E95FF306FCD2CC69E.d.5ECA64B09F09A328068587E5EA753407.e.64}]
Capabilities {acceptInsecureCerts: false, browserName: chrome, browserVersion: 147.0.7727.138, chrome: {chromedriverVersion: 147.0.7727.117 (474cc805edd..., userDataDir: C:\Users\WIN1O~1\AppData\Lo...}, fedcm:accounts: true, goog:chromeOptions: {debuggerAddress: localhost:55632}, goog:processID: 38428, networkConnectionEnabled: false, pageLoadStrategy: normal, platformName: windows, proxy: Proxy(), se:cdp: ws://localhost:55632/devtoo..., se:cdpVersion: 147.0.7727.138, setWindowRect: true, strictFileInteractability: false, timeouts: {implicit: 0, pageLoad: 300000, script: 30000}, unhandledPromptBehavior: dismiss and notify, webauthn:extension:credBlob: true, webauthn:extension:largeBlob: true, webauthn:extension:minPinLength: true, webauthn:extension:prf: true, webauthn:virtualAuthenticators: true}
Element: [[ChromeDriver: chrome on windows (92c69f738b1489ee2be2fa60c24d8dfc)] -> xpath: (//input[contains(@class,'MuiInputBase-input MuiOutlinedInput-input MuiInputBase-inputSizeSmall')])[1]]
Session ID: 92c69f738b1489ee2be2fa60c24d8dfc
]]></failure>
    <system-out><![CDATA[
&amp#27;[1mScenario:&amp#27;[22m User successfully add new absen point                               &amp#27;[90m# src/main/java/com/project6/features/AddAbsenPoint.feature:3&amp#27;[39m
  &amp#27;[32mâœ”&amp#27;[39m &amp#27;[32m&amp#27;[1mGiven &amp#27;[22mthe user is on the login page&amp#27;[39m                                       &amp#27;[90m# com.project6.LoginTest.the_user_is_on_the_login_page()&amp#27;[39m
  &amp#27;[32mâœ”&amp#27;[39m &amp#27;[32m&amp#27;[1mWhen &amp#27;[22mthe user enters valid username and password&amp#27;[39m                          &amp#27;[90m# com.project6.LoginTest.the_user_enters_valid_username_and_password()&amp#27;[39m
  &amp#27;[32mâœ”&amp#27;[39m &amp#27;[32m&amp#27;[1mAnd &amp#27;[22mclicks the login button&amp#27;[39m                                               &amp#27;[90m# com.project6.LoginTest.clicks_the_login_button()&amp#27;[39m
  &amp#27;[32mâœ”&amp#27;[39m &amp#27;[32m&amp#27;[1mAnd &amp#27;[22muser click menu management&amp#27;[39m                                            &amp#27;[90m# com.project6.UserSteps.user_click_menu_management()&amp#27;[39m
  &amp#27;[32mâœ”&amp#27;[39m &amp#27;[32m&amp#27;[1mAnd &amp#27;[22muser click absen point menu&amp#27;[39m                                           &amp#27;[90m# com.project6.AbsenPoint.AddAbsenPoint.user_click_absen_point_menu()&amp#27;[39m
  &amp#27;[32mâœ”&amp#27;[39m &amp#27;[32m&amp#27;[1mAnd &amp#27;[22muser click tambah absen point menu&amp#27;[39m                                    &amp#27;[90m# com.project6.AbsenPoint.AddAbsenPoint.user_click_tambah_absen_point_menu()&amp#27;[39m
  &amp#27;[31mâœ˜&amp#27;[39m &amp#27;[31m&amp#27;[1mAnd &amp#27;[22muser click field nama absen point&amp#27;[39m                                     &amp#27;[90m# com.project6.AbsenPoint.AddAbsenPoint.user_click_field_nama_absen_point()&amp#27;[39m
        &amp#27;[31morg.openqa.selenium.ElementClickInterceptedException: element click intercepted: Element <input aria-invalid="false" id="name" name="name" required="" type="text" class="MuiInputBase-input MuiOutlinedInput-input MuiInputBase-inputSizeSmall css-1o6z5ng" value=""> is not clickable at point (640, 231). Other element would receive the click: <input aria-invalid="false" id="latitude" name="latitude" required="" type="text" class="MuiInputBase-input MuiOutlinedInput-input MuiInputBase-inputSizeSmall css-1o6z5ng" value="">&amp#27;[39m
        &amp#27;[31m  (Session info: chrome=147.0.7727.138)&amp#27;[39m
        &amp#27;[31mBuild info: version: '4.41.0', revision: '9fc754f'&amp#27;[39m
        &amp#27;[31mSystem info: os.name: 'Windows 10', os.arch: 'amd64', os.version: '10.0', java.version: '17.0.8'&amp#27;[39m
        &amp#27;[31mDriver info: org.openqa.selenium.chrome.ChromeDriver&amp#27;[39m
        &amp#27;[31mCommand: [92c69f738b1489ee2be2fa60c24d8dfc, clickElement {id=f.3D79686681D70C0E95FF306FCD2CC69E.d.5ECA64B09F09A328068587E5EA753407.e.64}]&amp#27;[39m
        &amp#27;[31mCapabilities {acceptInsecureCerts: false, browserName: chrome, browserVersion: 147.0.7727.138, chrome: {chromedriverVersion: 147.0.7727.117 (474cc805edd..., userDataDir: C:\Users\WIN1O~1\AppData\Lo...}, fedcm:accounts: true, goog:chromeOptions: {debuggerAddress: localhost:55632}, goog:processID: 38428, networkConnectionEnabled: false, pageLoadStrategy: normal, platformName: windows, proxy: Proxy(), se:cdp: ws://localhost:55632/devtoo..., se:cdpVersion: 147.0.7727.138, setWindowRect: true, strictFileInteractability: false, timeouts: {implicit: 0, pageLoad: 300000, script: 30000}, unhandledPromptBehavior: dismiss and notify, webauthn:extension:credBlob: true, webauthn:extension:largeBlob: true, webauthn:extension:minPinLength: true, webauthn:extension:prf: true, webauthn:virtualAuthenticators: true}&amp#27;[39m
        &amp#27;[31mElement: [[ChromeDriver: chrome on windows (92c69f738b1489ee2be2fa60c24d8dfc)] -> xpath: (//input[contains(@class,'MuiInputBase-input MuiOutlinedInput-input MuiInputBase-inputSizeSmall')])[1]]&amp#27;[39m
        &amp#27;[31mSession ID: 92c69f738b1489ee2be2fa60c24d8dfc&amp#27;[39m
        &amp#27;[31m	at org.openqa.selenium.remote.ErrorCodec.decode(ErrorCodec.java:169)&amp#27;[39m
        &amp#27;[31m	at org.openqa.selenium.remote.codec.w3c.W3CHttpResponseCodec.decode(W3CHttpResponseCodec.java:142)&amp#27;[39m
        &amp#27;[31m	at org.openqa.selenium.remote.codec.w3c.W3CHttpResponseCodec.decode(W3CHttpResponseCodec.java:49)&amp#27;[39m
        &amp#27;[31m	at org.openqa.selenium.remote.HttpCommandExecutor.execute(HttpCommandExecutor.java:223)&amp#27;[39m
        &amp#27;[31m	at org.openqa.selenium.remote.service.DriverCommandExecutor.invokeExecute(DriverCommandExecutor.java:216)&amp#27;[39m
        &amp#27;[31m	at org.openqa.selenium.remote.service.DriverCommandExecutor.execute(DriverCommandExecutor.java:174)&amp#27;[39m
        &amp#27;[31m	at org.openqa.selenium.remote.RemoteWebDriver.execute(RemoteWebDriver.java:604)&amp#27;[39m
        &amp#27;[31m	at org.openqa.selenium.remote.RemoteWebElement.execute(RemoteWebElement.java:223)&amp#27;[39m
        &amp#27;[31m	at org.openqa.selenium.remote.RemoteWebElement.click(RemoteWebElement.java:76)&amp#27;[39m
        &amp#27;[31m	at java.base/jdk.internal.reflect.NativeMethodAccessorImpl.invoke0(Native Method)&amp#27;[39m
        &amp#27;[31m	at java.base/jdk.internal.reflect.NativeMethodAccessorImpl.invoke(NativeMethodAccessorImpl.java:77)&amp#27;[39m
        &amp#27;[31m	at java.base/jdk.internal.reflect.DelegatingMethodAccessorImpl.invoke(DelegatingMethodAccessorImpl.java:43)&amp#27;[39m
        &amp#27;[31m	at java.base/java.lang.reflect.Method.invoke(Method.java:568)&amp#27;[39m
        &amp#27;[31m	at org.openqa.selenium.support.pagefactory.internal.LocatingElementHandler.invoke(LocatingElementHandler.java:51)&amp#27;[39m
        &amp#27;[31m	at jdk.proxy2/jdk.proxy2.$Proxy21.click(Unknown Source)&amp#27;[39m
        &amp#27;[31m	at com.project6.pages.AbsenPoint.clickfieldName(AbsenPoint.java:81)&amp#27;[39m
        &amp#27;[31m	at com.project6.AbsenPoint.AddAbsenPoint.user_click_field_nama_absen_point(AddAbsenPoint.java:38)&amp#27;[39m
        &amp#27;[31m	at âœ½.user click field nama absen point(file:///C:/Users/WIN%201O/Documents/SQABatch27/Real-Project-Absensi-main/src/main/java/com/project6/features/AddAbsenPoint.feature:13)&amp#27;[39m
  &amp#27;[36mâ†·&amp#27;[39m &amp#27;[36m&amp#27;[1mAnd &amp#27;[22muser input nama absen point &amp#27;[1m"Kantor Pusat"&amp#27;[22m&amp#27;[39m                            &amp#27;[90m# com.project6.AbsenPoint.AddAbsenPoint.user_input_nama_absen_point(java.lang.String)&amp#27;[39m
  &amp#27;[36mâ†·&amp#27;[39m &amp#27;[36m&amp#27;[1mAnd &amp#27;[22muser input latitude absen point &amp#27;[1m"-6.1751"&amp#27;[22m&amp#27;[39m                             &amp#27;[90m# com.project6.AbsenPoint.AddAbsenPoint.user_input_latitude_absen_point(java.lang.String)&amp#27;[39m
  &amp#27;[36mâ†·&amp#27;[39m &amp#27;[36m&amp#27;[1mAnd &amp#27;[22muser input longitude absen point &amp#27;[1m"106.8272"&amp#27;[22m&amp#27;[39m                           &amp#27;[90m# com.project6.AbsenPoint.AddAbsenPoint.user_input_longitude_absen_point(java.lang.String)&amp#27;[39m
  &amp#27;[36mâ†·&amp#27;[39m &amp#27;[36m&amp#27;[1mAnd &amp#27;[22muser input radius absen point &amp#27;[1m"100"&amp#27;[22m&amp#27;[39m                                   &amp#27;[90m# com.project6.AbsenPoint.AddAbsenPoint.user_input_radius_absen_point(java.lang.String)&amp#27;[39m
  &amp#27;[36mâ†·&amp#27;[39m &amp#27;[36m&amp#27;[1mAnd &amp#27;[22muser input deskripsi absen point &amp#27;[1m"Absen point untuk area lobby utama"&amp#27;[22m&amp#27;[39m &amp#27;[90m# com.project6.AbsenPoint.AddAbsenPoint.user_input_deskripsi_absen_point(java.lang.String)&amp#27;[39m
  &amp#27;[36mâ†·&amp#27;[39m &amp#27;[36m&amp#27;[1mAnd &amp#27;[22muser click submit absen point&amp#27;[39m                                         &amp#27;[90m# com.project6.AbsenPoint.AddAbsenPoint.user_click_submit_absen_point()&amp#27;[39m
  &amp#27;[36mâ†·&amp#27;[39m &amp#27;[36m&amp#27;[1mThen &amp#27;[22muser should see the new absen point in the list&amp#27;[39m                      &amp#27;[90m# com.project6.AbsenPoint.AddAbsenPoint.user_should_see_the_new_absen_point_in_the_list()&amp#27;[39m
]]></system-out>
    <system-err><![CDATA[SLF4J(W): No SLF4J providers were found.
SLF4J(W): Defaulting to no-operation (NOP) logger implementation
SLF4J(W): See https://www.slf4j.org/codes.html#noProviders for further details.
Mei 04, 2026 7:34:31 PM org.openqa.selenium.devtools.CdpVersionFinder findNearestMatch
WARNING: Unable to find an exact match for CDP version 147, returning the closest version; found: 145; Please update to a Selenium version that supports CDP version 147
]]></system-err>
  </testcase>
  <testcase name="runScenario" classname="com.project6.TestRunner" time="2.637"/>
  <testcase name="runScenario" classname="com.project6.TestRunner" time="3.563"/>
  <testcase name="runScenario" classname="com.project6.TestRunner" time="3.213"/>
  <testcase name="runScenario" classname="com.project6.TestRunner" time="2.3"/>
  <testcase name="runScenario" classname="com.project6.TestRunner" time="12.012">
    <failure message="Expected condition failed: waiting for element to be clickable, but the element was not found: org.openqa.selenium.NoSuchElementException: no such element: Unable to locate element: {&quot;method&quot;:&quot;xpath&quot;,&quot;selector&quot;:&quot;//button[contains(.,&apos;Tambah&apos;)]&quot;}.&#10;(tried for 10 seconds with 500 milliseconds interval)&#10;Build info: version: &apos;4.41.0&apos;, revision: &apos;9fc754f&apos;&#10;System info: os.name: &apos;Windows 10&apos;, os.arch: &apos;amd64&apos;, os.version: &apos;10.0&apos;, java.version: &apos;17.0.8&apos;&#10;Driver info: org.openqa.selenium.chrome.ChromeDriver&#10;Capabilities {acceptInsecureCerts: false, browserName: chrome, browserVersion: 147.0.7727.138, chrome: {chromedriverVersion: 147.0.7727.117 (474cc805edd..., userDataDir: C:\Users\WIN1O~1\AppData\Lo...}, fedcm:accounts: true, goog:chromeOptions: {debuggerAddress: localhost:55632}, goog:processID: 38428, networkConnectionEnabled: false, pageLoadStrategy: normal, platformName: windows, proxy: Proxy(), se:cdp: ws://localhost:55632/devtoo..., se:cdpVersion: 147.0.7727.138, setWindowRect: true, strictFileInteractability: false, timeouts: {implicit: 0, pageLoad: 300000, script: 30000}, unhandledPromptBehavior: dismiss and notify, webauthn:extension:credBlob: true, webauthn:extension:largeBlob: true, webauthn:extension:minPinLength: true, webauthn:extension:prf: true, webauthn:virtualAuthenticators: true}&#10;Session ID: 92c69f738b1489ee2be2fa60c24d8dfc" type="org.openqa.selenium.TimeoutException">org.openqa.selenium.TimeoutException: 
Expected condition failed: waiting for element to be clickable, but the element was not found: org.openqa.selenium.NoSuchElementException: no such element: Unable to locate element: {"method":"xpath","selector":"//button[contains(.,'Tambah')]"}.
(tried for 10 seconds with 500 milliseconds interval)
Build info: version: '4.41.0', revision: '9fc754f'
System info: os.name: 'Windows 10', os.arch: 'amd64', os.version: '10.0', java.version: '17.0.8'
Driver info: org.openqa.selenium.chrome.ChromeDriver
Capabilities {acceptInsecureCerts: false, browserName: chrome, browserVersion: 147.0.7727.138, chrome: {chromedriverVersion: 147.0.7727.117 (474cc805edd..., userDataDir: C:\Users\WIN1O~1\AppData\Lo...}, fedcm:accounts: true, goog:chromeOptions: {debuggerAddress: localhost:55632}, goog:processID: 38428, networkConnectionEnabled: false, pageLoadStrategy: normal, platformName: windows, proxy: Proxy(), se:cdp: ws://localhost:55632/devtoo..., se:cdpVersion: 147.0.7727.138, setWindowRect: true, strictFileInteractability: false, timeouts: {implicit: 0, pageLoad: 300000, script: 30000}, unhandledPromptBehavior: dismiss and notify, webauthn:extension:credBlob: true, webauthn:extension:largeBlob: true, webauthn:extension:minPinLength: true, webauthn:extension:prf: true, webauthn:virtualAuthenticators: true}
Session ID: 92c69f738b1489ee2be2fa60c24d8dfc
</failure>
    <system-out><![CDATA[
&amp#27;[1mScenario:&amp#27;[22m Gagal menambahkan data baru di user monitoring &amp#27;[90m# src/main/java/com/project6/features/EmptyUserMonitoring.feature:11&amp#27;[39m
  &amp#27;[32mâœ”&amp#27;[39m &amp#27;[32m&amp#27;[1mGiven &amp#27;[22mthe user is on the login page&amp#27;[39m                  &amp#27;[90m# com.project6.LoginTest.the_user_is_on_the_login_page()&amp#27;[39m
  &amp#27;[32mâœ”&amp#27;[39m &amp#27;[32m&amp#27;[1mWhen &amp#27;[22mthe user enters valid username and password&amp#27;[39m     &amp#27;[90m# com.project6.LoginTest.the_user_enters_valid_username_and_password()&amp#27;[39m
  &amp#27;[32mâœ”&amp#27;[39m &amp#27;[32m&amp#27;[1mAnd &amp#27;[22mclicks the login button&amp#27;[39m                          &amp#27;[90m# com.project6.LoginTest.clicks_the_login_button()&amp#27;[39m
  &amp#27;[32mâœ”&amp#27;[39m &amp#27;[32m&amp#27;[1mAnd &amp#27;[22muser click menu management&amp#27;[39m                       &amp#27;[90m# com.project6.UserSteps.user_click_menu_management()&amp#27;[39m
  &amp#27;[32mâœ”&amp#27;[39m &amp#27;[32m&amp#27;[1mAnd &amp#27;[22muser click user monitoring menu&amp#27;[39m                  &amp#27;[90m# com.project6.UserMonitoring.UserMonitoringSteps.user_click_user_monitoring()&amp#27;[39m
  &amp#27;[31mâœ˜&amp#27;[39m &amp#27;[31m&amp#27;[1mAnd &amp#27;[22muser click tambah menu monitoring&amp#27;[39m                &amp#27;[90m# com.project6.UserMonitoring.UserMonitoringSteps.user_click_tambah_menu_monitoring()&amp#27;[39m
        &amp#27;[31morg.openqa.selenium.TimeoutException: Expected condition failed: waiting for element to be clickable, but the element was not found: org.openqa.selenium.NoSuchElementException: no such element: Unable to locate element: {"method":"xpath","selector":"//button[contains(.,'Tambah')]"}.&amp#27;[39m
        &amp#27;[31m(tried for 10 seconds with 500 milliseconds interval)&amp#27;[39m
        &amp#27;[31mBuild info: version: '4.41.0', revision: '9fc754f'&amp#27;[39m
        &amp#27;[31mSystem info: os.name: 'Windows 10', os.arch: 'amd64', os.version: '10.0', java.version: '17.0.8'&amp#27;[39m
        &amp#27;[31mDriver info: org.openqa.selenium.chrome.ChromeDriver&amp#27;[39m
        &amp#27;[31mCapabilities {acceptInsecureCerts: false, browserName: chrome, browserVersion: 147.0.7727.138, chrome: {chromedriverVersion: 147.0.7727.117 (474cc805edd..., userDataDir: C:\Users\WIN1O~1\AppData\Lo...}, fedcm:accounts: true, goog:chromeOptions: {debuggerAddress: localhost:55632}, goog:processID: 38428, networkConnectionEnabled: false, pageLoadStrategy: normal, platformName: windows, proxy: Proxy(), se:cdp: ws://localhost:55632/devtoo..., se:cdpVersion: 147.0.7727.138, setWindowRect: true, strictFileInteractability: false, timeouts: {implicit: 0, pageLoad: 300000, script: 30000}, unhandledPromptBehavior: dismiss and notify, webauthn:extension:credBlob: true, webauthn:extension:largeBlob: true, webauthn:extension:minPinLength: true, webauthn:extension:prf: true, webauthn:virtualAuthenticators: true}&amp#27;[39m
        &amp#27;[31mSession ID: 92c69f738b1489ee2be2fa60c24d8dfc&amp#27;[39m
        &amp#27;[31m	at org.openqa.selenium.support.ui.WebDriverWait.timeoutException(WebDriverWait.java:85)&amp#27;[39m
        &amp#27;[31m	at org.openqa.selenium.support.ui.FluentWait.until(FluentWait.java:233)&amp#27;[39m
        &amp#27;[31m	at com.project6.pages.UserMonitoring.clickaddMonitorButton(UserMonitoring.java:71)&amp#27;[39m
        &amp#27;[31m	at com.project6.UserMonitoring.UserMonitoringSteps.user_click_tambah_menu_monitoring(UserMonitoringSteps.java:35)&amp#27;[39m
        &amp#27;[31m	at âœ½.user click tambah menu monitoring(file:///C:/Users/WIN%201O/Documents/SQABatch27/Real-Project-Absensi-main/src/main/java/com/project6/features/EmptyUserMonitoring.feature:14)&amp#27;[39m
  &amp#27;[36mâ†·&amp#27;[39m &amp#27;[36m&amp#27;[1mAnd &amp#27;[22muser click batal user monitoring&amp#27;[39m
  &amp#27;[36mâ†·&amp#27;[39m &amp#27;[36m&amp#27;[1mThen &amp#27;[22muser kembali ke halaman user monitoring&amp#27;[39m         &amp#27;[90m# com.project6.UserMonitoring.UserMonitoringSteps.user_kembali_ke_halaman_user_monitoring()&amp#27;[39m
]]></system-out>
  </testcase>
  <testcase name="runScenario" classname="com.project6.TestRunner" time="12.543">
    <failure message="Expected condition failed: waiting for presence of element found by By.xpath: (//*[contains(normalize-space(),&apos;Batal&apos;)])[8]&#10;(tried for 10 seconds with 500 milliseconds interval)&#10;Build info: version: &apos;4.41.0&apos;, revision: &apos;9fc754f&apos;&#10;System info: os.name: &apos;Windows 10&apos;, os.arch: &apos;amd64&apos;, os.version: &apos;10.0&apos;, java.version: &apos;17.0.8&apos;&#10;Driver info: org.openqa.selenium.chrome.ChromeDriver&#10;Capabilities {acceptInsecureCerts: false, browserName: chrome, browserVersion: 147.0.7727.138, chrome: {chromedriverVersion: 147.0.7727.117 (474cc805edd..., userDataDir: C:\Users\WIN1O~1\AppData\Lo...}, fedcm:accounts: true, goog:chromeOptions: {debuggerAddress: localhost:55632}, goog:processID: 38428, networkConnectionEnabled: false, pageLoadStrategy: normal, platformName: windows, proxy: Proxy(), se:cdp: ws://localhost:55632/devtoo..., se:cdpVersion: 147.0.7727.138, setWindowRect: true, strictFileInteractability: false, timeouts: {implicit: 0, pageLoad: 300000, script: 30000}, unhandledPromptBehavior: dismiss and notify, webauthn:extension:credBlob: true, webauthn:extension:largeBlob: true, webauthn:extension:minPinLength: true, webauthn:extension:prf: true, webauthn:virtualAuthenticators: true}&#10;Session ID: 92c69f738b1489ee2be2fa60c24d8dfc" type="org.openqa.selenium.TimeoutException">org.openqa.selenium.TimeoutException: 
Expected condition failed: waiting for presence of element found by By.xpath: (//*[contains(normalize-space(),'Batal')])[8]
(tried for 10 seconds with 500 milliseconds interval)
Build info: version: '4.41.0', revision: '9fc754f'
System info: os.name: 'Windows 10', os.arch: 'amd64', os.version: '10.0', java.version: '17.0.8'
Driver info: org.openqa.selenium.chrome.ChromeDriver
Capabilities {acceptInsecureCerts: false, browserName: chrome, browserVersion: 147.0.7727.138, chrome: {chromedriverVersion: 147.0.7727.117 (474cc805edd..., userDataDir: C:\Users\WIN1O~1\AppData\Lo...}, fedcm:accounts: true, goog:chromeOptions: {debuggerAddress: localhost:55632}, goog:processID: 38428, networkConnectionEnabled: false, pageLoadStrategy: normal, platformName: windows, proxy: Proxy(), se:cdp: ws://localhost:55632/devtoo..., se:cdpVersion: 147.0.7727.138, setWindowRect: true, strictFileInteractability: false, timeouts: {implicit: 0, pageLoad: 300000, script: 30000}, unhandledPromptBehavior: dismiss and notify, webauthn:extension:credBlob: true, webauthn:extension:largeBlob: true, webauthn:extension:minPinLength: true, webauthn:extension:prf: true, webauthn:virtualAuthenticators: true}
Session ID: 92c69f738b1489ee2be2fa60c24d8dfc
</failure>
    <system-out><![CDATA[
&amp#27;[1mScenario:&amp#27;[22m Membatalkan filter pada halaman management user &amp#27;[90m# src/main/java/com/project6/features/FilterBatalUser.feature:3&amp#27;[39m
  &amp#27;[32mâœ”&amp#27;[39m &amp#27;[32m&amp#27;[1mGiven &amp#27;[22mthe user is on the login page&amp#27;[39m                   &amp#27;[90m# com.project6.LoginTest.the_user_is_on_the_login_page()&amp#27;[39m
  &amp#27;[32mâœ”&amp#27;[39m &amp#27;[32m&amp#27;[1mWhen &amp#27;[22mthe user enters valid username and password&amp#27;[39m      &amp#27;[90m# com.project6.LoginTest.the_user_enters_valid_username_and_password()&amp#27;[39m
  &amp#27;[32mâœ”&amp#27;[39m &amp#27;[32m&amp#27;[1mAnd &amp#27;[22mclicks the login button&amp#27;[39m                           &amp#27;[90m# com.project6.LoginTest.clicks_the_login_button()&amp#27;[39m
  &amp#27;[32mâœ”&amp#27;[39m &amp#27;[32m&amp#27;[1mAnd &amp#27;[22muser click menu management&amp#27;[39m                        &amp#27;[90m# com.project6.UserSteps.user_click_menu_management()&amp#27;[39m
  &amp#27;[32mâœ”&amp#27;[39m &amp#27;[32m&amp#27;[1mAnd &amp#27;[22muser click user menu&amp#27;[39m                              &amp#27;[90m# com.project6.UserSteps.user_click_menu_user()&amp#27;[39m
  &amp#27;[32mâœ”&amp#27;[39m &amp#27;[32m&amp#27;[1mAnd &amp#27;[22muser click filter button&amp#27;[39m                          &amp#27;[90m# com.project6.UserSteps.user_filter_button()&amp#27;[39m
  &amp#27;[31mâœ˜&amp#27;[39m &amp#27;[31m&amp#27;[1mAnd &amp#27;[22muser click batal filter button&amp#27;[39m                    &amp#27;[90m# com.project6.UserSteps.user_click_batal_filter_button()&amp#27;[39m
        &amp#27;[31morg.openqa.selenium.TimeoutException: Expected condition failed: waiting for presence of element found by By.xpath: (//*[contains(normalize-space(),'Batal')])[8]&amp#27;[39m
        &amp#27;[31m(tried for 10 seconds with 500 milliseconds interval)&amp#27;[39m
        &amp#27;[31mBuild info: version: '4.41.0', revision: '9fc754f'&amp#27;[39m
        &amp#27;[31mSystem info: os.name: 'Windows 10', os.arch: 'amd64', os.version: '10.0', java.version: '17.0.8'&amp#27;[39m
        &amp#27;[31mDriver info: org.openqa.selenium.chrome.ChromeDriver&amp#27;[39m
        &amp#27;[31mCapabilities {acceptInsecureCerts: false, browserName: chrome, browserVersion: 147.0.7727.138, chrome: {chromedriverVersion: 147.0.7727.117 (474cc805edd..., userDataDir: C:\Users\WIN1O~1\AppData\Lo...}, fedcm:accounts: true, goog:chromeOptions: {debuggerAddress: localhost:55632}, goog:processID: 38428, networkConnectionEnabled: false, pageLoadStrategy: normal, platformName: windows, proxy: Proxy(), se:cdp: ws://localhost:55632/devtoo..., se:cdpVersion: 147.0.7727.138, setWindowRect: true, strictFileInteractability: false, timeouts: {implicit: 0, pageLoad: 300000, script: 30000}, unhandledPromptBehavior: dismiss and notify, webauthn:extension:credBlob: true, webauthn:extension:largeBlob: true, webauthn:extension:minPinLength: true, webauthn:extension:prf: true, webauthn:virtualAuthenticators: true}&amp#27;[39m
        &amp#27;[31mSession ID: 92c69f738b1489ee2be2fa60c24d8dfc&amp#27;[39m
        &amp#27;[31m	at org.openqa.selenium.support.ui.WebDriverWait.timeoutException(WebDriverWait.java:85)&amp#27;[39m
        &amp#27;[31m	at org.openqa.selenium.support.ui.FluentWait.until(FluentWait.java:233)&amp#27;[39m
        &amp#27;[31m	at com.project6.pages.User.clickBatalButtonFilterUser(User.java:138)&amp#27;[39m
        &amp#27;[31m	at com.project6.UserSteps.user_click_batal_filter_button(UserSteps.java:112)&amp#27;[39m
        &amp#27;[31m	at âœ½.user click batal filter button(file:///C:/Users/WIN%201O/Documents/SQABatch27/Real-Project-Absensi-main/src/main/java/com/project6/features/FilterBatalUser.feature:10)&amp#27;[39m
  &amp#27;[36mâ†·&amp#27;[39m &amp#27;[36m&amp#27;[1mThen &amp#27;[22muser kembali ke halaman user&amp#27;[39m                     &amp#27;[90m# com.project6.UserSteps.user_kembali_ke_halaman_user()&amp#27;[39m
]]></system-out>
    <system-err><![CDATA[Gagal klik tombol Batal: Expected condition failed: waiting for presence of element found by By.xpath: (//*[contains(normalize-space(),'Batal')])[8]
(tried for 10 seconds with 500 milliseconds interval)
Build info: version: '4.41.0', revision: '9fc754f'
System info: os.name: 'Windows 10', os.arch: 'amd64', os.version: '10.0', java.version: '17.0.8'
Driver info: org.openqa.selenium.chrome.ChromeDriver
Capabilities {acceptInsecureCerts: false, browserName: chrome, browserVersion: 147.0.7727.138, chrome: {chromedriverVersion: 147.0.7727.117 (474cc805edd..., userDataDir: C:\Users\WIN1O~1\AppData\Lo...}, fedcm:accounts: true, goog:chromeOptions: {debuggerAddress: localhost:55632}, goog:processID: 38428, networkConnectionEnabled: false, pageLoadStrategy: normal, platformName: windows, proxy: Proxy(), se:cdp: ws://localhost:55632/devtoo..., se:cdpVersion: 147.0.7727.138, setWindowRect: true, strictFileInteractability: false, timeouts: {implicit: 0, pageLoad: 300000, script: 30000}, unhandledPromptBehavior: dismiss and notify, webauthn:extension:credBlob: true, webauthn:extension:largeBlob: true, webauthn:extension:minPinLength: true, webauthn:extension:prf: true, webauthn:virtualAuthenticators: true}
Session ID: 92c69f738b1489ee2be2fa60c24d8dfc
]]></system-err>
  </testcase>
  <testcase name="runScenario" classname="com.project6.TestRunner" time="1.559"/>
  <testcase name="runScenario" classname="com.project6.TestRunner" time="4.635"/>
  <testcase name="runScenario" classname="com.project6.TestRunner" time="2.036">
    <failure message="stale element reference: stale element not found in the current frame&#10;  (Session info: chrome=147.0.7727.138)&#10;For documentation on this error, please visit: https://www.selenium.dev/documentation/webdriver/troubleshooting/errors#staleelementreferenceexception&#10;Build info: version: &apos;4.41.0&apos;, revision: &apos;9fc754f&apos;&#10;System info: os.name: &apos;Windows 10&apos;, os.arch: &apos;amd64&apos;, os.version: &apos;10.0&apos;, java.version: &apos;17.0.8&apos;&#10;Driver info: org.openqa.selenium.chrome.ChromeDriver&#10;Command: [92c69f738b1489ee2be2fa60c24d8dfc, sendKeysToElement {value=[Ljava.lang.CharSequence;@6fc0bbc6, id=f.3D79686681D70C0E95FF306FCD2CC69E.d.1FCFAC3A51AA6193DF17B3E59BF84CFF.e.618}]&#10;Capabilities {acceptInsecureCerts: false, browserName: chrome, browserVersion: 147.0.7727.138, chrome: {chromedriverVersion: 147.0.7727.117 (474cc805edd..., userDataDir: C:\Users\WIN1O~1\AppData\Lo...}, fedcm:accounts: true, goog:chromeOptions: {debuggerAddress: localhost:55632}, goog:processID: 38428, networkConnectionEnabled: false, pageLoadStrategy: normal, platformName: windows, proxy: Proxy(), se:cdp: ws://localhost:55632/devtoo..., se:cdpVersion: 147.0.7727.138, setWindowRect: true, strictFileInteractability: false, timeouts: {implicit: 0, pageLoad: 300000, script: 30000}, unhandledPromptBehavior: dismiss and notify, webauthn:extension:credBlob: true, webauthn:extension:largeBlob: true, webauthn:extension:minPinLength: true, webauthn:extension:prf: true, webauthn:virtualAuthenticators: true}&#10;Element: [[ChromeDriver: chrome on windows (92c69f738b1489ee2be2fa60c24d8dfc)] -&gt; xpath: (//input[contains(@class,&apos;MuiInputBase-input&apos;)])[1]]&#10;Session ID: 92c69f738b1489ee2be2fa60c24d8dfc" type="org.openqa.selenium.StaleElementReferenceException">org.openqa.selenium.StaleElementReferenceException: 
stale element reference: stale element not found in the current frame
  (Session info: chrome=147.0.7727.138)
For documentation on this error, please visit: https://www.selenium.dev/documentation/webdriver/troubleshooting/errors#staleelementreferenceexception
Build info: version: '4.41.0', revision: '9fc754f'
System info: os.name: 'Windows 10', os.arch: 'amd64', os.version: '10.0', java.version: '17.0.8'
Driver info: org.openqa.selenium.chrome.ChromeDriver
Command: [92c69f738b1489ee2be2fa60c24d8dfc, sendKeysToElement {value=[Ljava.lang.CharSequence;@6fc0bbc6, id=f.3D79686681D70C0E95FF306FCD2CC69E.d.1FCFAC3A51AA6193DF17B3E59BF84CFF.e.618}]
Capabilities {acceptInsecureCerts: false, browserName: chrome, browserVersion: 147.0.7727.138, chrome: {chromedriverVersion: 147.0.7727.117 (474cc805edd..., userDataDir: C:\Users\WIN1O~1\AppData\Lo...}, fedcm:accounts: true, goog:chromeOptions: {debuggerAddress: localhost:55632}, goog:processID: 38428, networkConnectionEnabled: false, pageLoadStrategy: normal, platformName: windows, proxy: Proxy(), se:cdp: ws://localhost:55632/devtoo..., se:cdpVersion: 147.0.7727.138, setWindowRect: true, strictFileInteractability: false, timeouts: {implicit: 0, pageLoad: 300000, script: 30000}, unhandledPromptBehavior: dismiss and notify, webauthn:extension:credBlob: true, webauthn:extension:largeBlob: true, webauthn:extension:minPinLength: true, webauthn:extension:prf: true, webauthn:virtualAuthenticators: true}
Element: [[ChromeDriver: chrome on windows (92c69f738b1489ee2be2fa60c24d8dfc)] -> xpath: (//input[contains(@class,'MuiInputBase-input')])[1]]
Session ID: 92c69f738b1489ee2be2fa60c24d8dfc
</failure>
    <system-out><![CDATA[
&amp#27;[1mScenario:&amp#27;[22m Reset field name Absen Point                                 &amp#27;[90m# src/main/java/com/project6/features/ResetUserAbsen.feature:3&amp#27;[39m
  &amp#27;[32mâœ”&amp#27;[39m &amp#27;[32m&amp#27;[1mGiven &amp#27;[22mthe user is on the login page&amp#27;[39m                                &amp#27;[90m# com.project6.LoginTest.the_user_is_on_the_login_page()&amp#27;[39m
  &amp#27;[32mâœ”&amp#27;[39m &amp#27;[32m&amp#27;[1mWhen &amp#27;[22mthe user enters valid username and password&amp#27;[39m                   &amp#27;[90m# com.project6.LoginTest.the_user_enters_valid_username_and_password()&amp#27;[39m
  &amp#27;[32mâœ”&amp#27;[39m &amp#27;[32m&amp#27;[1mAnd &amp#27;[22mclicks the login button&amp#27;[39m                                        &amp#27;[90m# com.project6.LoginTest.clicks_the_login_button()&amp#27;[39m
  &amp#27;[32mâœ”&amp#27;[39m &amp#27;[32m&amp#27;[1mAnd &amp#27;[22muser click menu management&amp#27;[39m                                     &amp#27;[90m# com.project6.UserSteps.user_click_menu_management()&amp#27;[39m
  &amp#27;[32mâœ”&amp#27;[39m &amp#27;[32m&amp#27;[1mAnd &amp#27;[22muser click absen point menu&amp#27;[39m                                    &amp#27;[90m# com.project6.AbsenPoint.AddAbsenPoint.user_click_absen_point_menu()&amp#27;[39m
  &amp#27;[31mâœ˜&amp#27;[39m &amp#27;[31m&amp#27;[1mAnd &amp#27;[22muser input field search name absen point&amp#27;[39m                       &amp#27;[90m# com.project6.AbsenPoint.AddAbsenPoint.user_input_field_search_name_absen_point()&amp#27;[39m
        &amp#27;[31morg.openqa.selenium.StaleElementReferenceException: stale element reference: stale element not found in the current frame&amp#27;[39m
        &amp#27;[31m  (Session info: chrome=147.0.7727.138)&amp#27;[39m
        &amp#27;[31mFor documentation on this error, please visit: https://www.selenium.dev/documentation/webdriver/troubleshooting/errors#staleelementreferenceexception&amp#27;[39m
        &amp#27;[31mBuild info: version: '4.41.0', revision: '9fc754f'&amp#27;[39m
        &amp#27;[31mSystem info: os.name: 'Windows 10', os.arch: 'amd64', os.version: '10.0', java.version: '17.0.8'&amp#27;[39m
        &amp#27;[31mDriver info: org.openqa.selenium.chrome.ChromeDriver&amp#27;[39m
        &amp#27;[31mCommand: [92c69f738b1489ee2be2fa60c24d8dfc, sendKeysToElement {value=[Ljava.lang.CharSequence;@6fc0bbc6, id=f.3D79686681D70C0E95FF306FCD2CC69E.d.1FCFAC3A51AA6193DF17B3E59BF84CFF.e.618}]&amp#27;[39m
        &amp#27;[31mCapabilities {acceptInsecureCerts: false, browserName: chrome, browserVersion: 147.0.7727.138, chrome: {chromedriverVersion: 147.0.7727.117 (474cc805edd..., userDataDir: C:\Users\WIN1O~1\AppData\Lo...}, fedcm:accounts: true, goog:chromeOptions: {debuggerAddress: localhost:55632}, goog:processID: 38428, networkConnectionEnabled: false, pageLoadStrategy: normal, platformName: windows, proxy: Proxy(), se:cdp: ws://localhost:55632/devtoo..., se:cdpVersion: 147.0.7727.138, setWindowRect: true, strictFileInteractability: false, timeouts: {implicit: 0, pageLoad: 300000, script: 30000}, unhandledPromptBehavior: dismiss and notify, webauthn:extension:credBlob: true, webauthn:extension:largeBlob: true, webauthn:extension:minPinLength: true, webauthn:extension:prf: true, webauthn:virtualAuthenticators: true}&amp#27;[39m
        &amp#27;[31mElement: [[ChromeDriver: chrome on windows (92c69f738b1489ee2be2fa60c24d8dfc)] -> xpath: (//input[contains(@class,'MuiInputBase-input')])[1]]&amp#27;[39m
        &amp#27;[31mSession ID: 92c69f738b1489ee2be2fa60c24d8dfc&amp#27;[39m
        &amp#27;[31m	at org.openqa.selenium.remote.ErrorCodec.decode(ErrorCodec.java:169)&amp#27;[39m
        &amp#27;[31m	at org.openqa.selenium.remote.codec.w3c.W3CHttpResponseCodec.decode(W3CHttpResponseCodec.java:142)&amp#27;[39m
        &amp#27;[31m	at org.openqa.selenium.remote.codec.w3c.W3CHttpResponseCodec.decode(W3CHttpResponseCodec.java:49)&amp#27;[39m
        &amp#27;[31m	at org.openqa.selenium.remote.HttpCommandExecutor.execute(HttpCommandExecutor.java:223)&amp#27;[39m
        &amp#27;[31m	at org.openqa.selenium.remote.service.DriverCommandExecutor.invokeExecute(DriverCommandExecutor.java:216)&amp#27;[39m
        &amp#27;[31m	at org.openqa.selenium.remote.service.DriverCommandExecutor.execute(DriverCommandExecutor.java:174)&amp#27;[39m
        &amp#27;[31m	at org.openqa.selenium.remote.RemoteWebDriver.execute(RemoteWebDriver.java:604)&amp#27;[39m
        &amp#27;[31m	at org.openqa.selenium.remote.RemoteWebElement.execute(RemoteWebElement.java:223)&amp#27;[39m
        &amp#27;[31m	at org.openqa.selenium.remote.RemoteWebElement.sendKeys(RemoteWebElement.java:110)&amp#27;[39m
        &amp#27;[31m	at jdk.internal.reflect.GeneratedMethodAccessor109.invoke(Unknown Source)&amp#27;[39m
        &amp#27;[31m	at java.base/jdk.internal.reflect.DelegatingMethodAccessorImpl.invoke(DelegatingMethodAccessorImpl.java:43)&amp#27;[39m
        &amp#27;[31m	at java.base/java.lang.reflect.Method.invoke(Method.java:568)&amp#27;[39m
        &amp#27;[31m	at org.openqa.selenium.support.pagefactory.internal.LocatingElementHandler.invoke(LocatingElementHandler.java:51)&amp#27;[39m
        &amp#27;[31m	at jdk.proxy2/jdk.proxy2.$Proxy21.sendKeys(Unknown Source)&amp#27;[39m
        &amp#27;[31m	at com.project6.pages.AbsenPoint.inputFieldSearchAbsenPoint(AbsenPoint.java:128)&amp#27;[39m
        &amp#27;[31m	at com.project6.AbsenPoint.AddAbsenPoint.user_input_field_search_name_absen_point(AddAbsenPoint.java:91)&amp#27;[39m
        &amp#27;[31m	at âœ½.user input field search name absen point(file:///C:/Users/WIN%201O/Documents/SQABatch27/Real-Project-Absensi-main/src/main/java/com/project6/features/ResetUserAbsen.feature:14)&amp#27;[39m
  &amp#27;[36mâ†·&amp#27;[39m &amp#27;[36m&amp#27;[1mAnd &amp#27;[22muser click search absen button&amp#27;[39m                                 &amp#27;[90m# com.project6.AbsenPoint.AddAbsenPoint.user_click_search_absen_button()&amp#27;[39m
  &amp#27;[36mâ†·&amp#27;[39m &amp#27;[36m&amp#27;[1mAnd &amp#27;[22muser should see search absen result with name &amp#27;[1m"Izzah Luthfiah"&amp#27;[22m&amp#27;[39m &amp#27;[90m# com.project6.AbsenPoint.AddAbsenPoint.user_should_see_search_absen_result_with_name(java.lang.String)&amp#27;[39m
  &amp#27;[36mâ†·&amp#27;[39m &amp#27;[36m&amp#27;[1mAnd &amp#27;[22muser click button reset&amp#27;[39m                                        &amp#27;[90m# com.project6.UserSteps.user_click_button_reset()&amp#27;[39m
  &amp#27;[36mâ†·&amp#27;[39m &amp#27;[36m&amp#27;[1mThen &amp#27;[22muser verify field search absen point should be empty&amp#27;[39m          &amp#27;[90m# com.project6.AbsenPoint.AddAbsenPoint.user_verify_field_search_absen_point_should_be_empty()&amp#27;[39m
]]></system-out>
  </testcase>
  <testcase name="runScenario" classname="com.project6.TestRunner" time="2.809"/>
  <testcase name="runScenario" classname="com.project6.TestRunner" time="1.141">
    <failure message="The step &apos;user click user absen point menu&apos; is undefined.&#10;You can implement this step using the snippet(s) below:&#10;&#10;@When(&quot;user click user absen point menu&quot;)&#10;public void user_click_user_absen_point_menu() {&#10;    // Write code here that turns the phrase above into concrete actions&#10;    throw new io.cucumber.java.PendingException();&#10;}&#10;" type="io.cucumber.testng.UndefinedStepException">io.cucumber.testng.UndefinedStepException: 
The step 'user click user absen point menu' is undefined.
You can implement this step using the snippet(s) below:

@When("user click user absen point menu")
public void user_click_user_absen_point_menu() {
    // Write code here that turns the phrase above into concrete actions
    throw new io.cucumber.java.PendingException();
}

</failure>
    <system-out><![CDATA[
&amp#27;[1mScenario:&amp#27;[22m Search name Absen Point                                      &amp#27;[90m# src/main/java/com/project6/features/SearchAbsenPoint.feature:3&amp#27;[39m
  &amp#27;[32mâœ”&amp#27;[39m &amp#27;[32m&amp#27;[1mGiven &amp#27;[22mthe user is on the login page&amp#27;[39m                                &amp#27;[90m# com.project6.LoginTest.the_user_is_on_the_login_page()&amp#27;[39m
  &amp#27;[32mâœ”&amp#27;[39m &amp#27;[32m&amp#27;[1mWhen &amp#27;[22mthe user enters valid username and password&amp#27;[39m                   &amp#27;[90m# com.project6.LoginTest.the_user_enters_valid_username_and_password()&amp#27;[39m
  &amp#27;[32mâœ”&amp#27;[39m &amp#27;[32m&amp#27;[1mAnd &amp#27;[22mclicks the login button&amp#27;[39m                                        &amp#27;[90m# com.project6.LoginTest.clicks_the_login_button()&amp#27;[39m
  &amp#27;[32mâœ”&amp#27;[39m &amp#27;[32m&amp#27;[1mAnd &amp#27;[22muser click menu management&amp#27;[39m                                     &amp#27;[90m# com.project6.UserSteps.user_click_menu_management()&amp#27;[39m
  &amp#27;[33mâ– &amp#27;[39m &amp#27;[33m&amp#27;[1mAnd &amp#27;[22muser click user absen point menu&amp#27;[39m
  &amp#27;[36mâ†·&amp#27;[39m &amp#27;[36m&amp#27;[1mAnd &amp#27;[22muser input field search name absen point&amp#27;[39m                       &amp#27;[90m# com.project6.AbsenPoint.AddAbsenPoint.user_input_field_search_name_absen_point()&amp#27;[39m
  &amp#27;[36mâ†·&amp#27;[39m &amp#27;[36m&amp#27;[1mAnd &amp#27;[22muser click search absen button&amp#27;[39m                                 &amp#27;[90m# com.project6.AbsenPoint.AddAbsenPoint.user_click_search_absen_button()&amp#27;[39m
  &amp#27;[36mâ†·&amp#27;[39m &amp#27;[36m&amp#27;[1mAnd &amp#27;[22muser should see search absen result with name &amp#27;[1m"Izzah Luthfiah"&amp#27;[22m&amp#27;[39m &amp#27;[90m# com.project6.AbsenPoint.AddAbsenPoint.user_should_see_search_absen_result_with_name(java.lang.String)&amp#27;[39m
]]></system-out>
  </testcase>
  <testcase name="runScenario" classname="com.project6.TestRunner" time="2.44"/>
  <testcase name="runScenario" classname="com.project6.TestRunner" time="11.536">
    <failure message="no such element: Unable to locate element: {&quot;method&quot;:&quot;xpath&quot;,&quot;selector&quot;:&quot;//input[@id=&apos;name&apos;]&quot;}&#10;  (Session info: chrome=147.0.7727.138)&#10;For documentation on this error, please visit: https://www.selenium.dev/documentation/webdriver/troubleshooting/errors#nosuchelementexception&#10;Build info: version: &apos;4.41.0&apos;, revision: &apos;9fc754f&apos;&#10;System info: os.name: &apos;Windows 10&apos;, os.arch: &apos;amd64&apos;, os.version: &apos;10.0&apos;, java.version: &apos;17.0.8&apos;&#10;Driver info: org.openqa.selenium.chrome.ChromeDriver&#10;Command: [92c69f738b1489ee2be2fa60c24d8dfc, findElement {value=//input[@id=&apos;name&apos;], using=xpath}]&#10;Capabilities {acceptInsecureCerts: false, browserName: chrome, browserVersion: 147.0.7727.138, chrome: {chromedriverVersion: 147.0.7727.117 (474cc805edd..., userDataDir: C:\Users\WIN1O~1\AppData\Lo...}, fedcm:accounts: true, goog:chromeOptions: {debuggerAddress: localhost:55632}, goog:processID: 38428, networkConnectionEnabled: false, pageLoadStrategy: normal, platformName: windows, proxy: Proxy(), se:cdp: ws://localhost:55632/devtoo..., se:cdpVersion: 147.0.7727.138, setWindowRect: true, strictFileInteractability: false, timeouts: {implicit: 0, pageLoad: 300000, script: 30000}, unhandledPromptBehavior: dismiss and notify, webauthn:extension:credBlob: true, webauthn:extension:largeBlob: true, webauthn:extension:minPinLength: true, webauthn:extension:prf: true, webauthn:virtualAuthenticators: true}&#10;Session ID: 92c69f738b1489ee2be2fa60c24d8dfc" type="org.openqa.selenium.NoSuchElementException">org.openqa.selenium.NoSuchElementException: 
no such element: Unable to locate element: {"method":"xpath","selector":"//input[@id='name']"}
  (Session info: chrome=147.0.7727.138)
For documentation on this error, please visit: https://www.selenium.dev/documentation/webdriver/troubleshooting/errors#nosuchelementexception
Build info: version: '4.41.0', revision: '9fc754f'
System info: os.name: 'Windows 10', os.arch: 'amd64', os.version: '10.0', java.version: '17.0.8'
Driver info: org.openqa.selenium.chrome.ChromeDriver
Command: [92c69f738b1489ee2be2fa60c24d8dfc, findElement {value=//input[@id='name'], using=xpath}]
Capabilities {acceptInsecureCerts: false, browserName: chrome, browserVersion: 147.0.7727.138, chrome: {chromedriverVersion: 147.0.7727.117 (474cc805edd..., userDataDir: C:\Users\WIN1O~1\AppData\Lo...}, fedcm:accounts: true, goog:chromeOptions: {debuggerAddress: localhost:55632}, goog:processID: 38428, networkConnectionEnabled: false, pageLoadStrategy: normal, platformName: windows, proxy: Proxy(), se:cdp: ws://localhost:55632/devtoo..., se:cdpVersion: 147.0.7727.138, setWindowRect: true, strictFileInteractability: false, timeouts: {implicit: 0, pageLoad: 300000, script: 30000}, unhandledPromptBehavior: dismiss and notify, webauthn:extension:credBlob: true, webauthn:extension:largeBlob: true, webauthn:extension:minPinLength: true, webauthn:extension:prf: true, webauthn:virtualAuthenticators: true}
Session ID: 92c69f738b1489ee2be2fa60c24d8dfc
</failure>
    <system-out><![CDATA[
&amp#27;[1mScenario:&amp#27;[22m User search for a specific unit name           &amp#27;[90m# src/main/java/com/project6/features/SearchUnit.feature:3&amp#27;[39m
  &amp#27;[32mâœ”&amp#27;[39m &amp#27;[32m&amp#27;[1mGiven &amp#27;[22mthe user is on the login page&amp#27;[39m                  &amp#27;[90m# com.project6.LoginTest.the_user_is_on_the_login_page()&amp#27;[39m
  &amp#27;[32mâœ”&amp#27;[39m &amp#27;[32m&amp#27;[1mWhen &amp#27;[22mthe user enters valid username and password&amp#27;[39m     &amp#27;[90m# com.project6.LoginTest.the_user_enters_valid_username_and_password()&amp#27;[39m
  &amp#27;[32mâœ”&amp#27;[39m &amp#27;[32m&amp#27;[1mAnd &amp#27;[22mclicks the login button&amp#27;[39m                          &amp#27;[90m# com.project6.LoginTest.clicks_the_login_button()&amp#27;[39m
  &amp#27;[32mâœ”&amp#27;[39m &amp#27;[32m&amp#27;[1mAnd &amp#27;[22muser click menu management&amp#27;[39m                       &amp#27;[90m# com.project6.UserSteps.user_click_menu_management()&amp#27;[39m
  &amp#27;[32mâœ”&amp#27;[39m &amp#27;[32m&amp#27;[1mWhen &amp#27;[22muser click unit menu&amp#27;[39m                            &amp#27;[90m# com.project6.Unit.UnitSteps.user_click_unit_menu()&amp#27;[39m
  &amp#27;[31mâœ˜&amp#27;[39m &amp#27;[31m&amp#27;[1mAnd &amp#27;[22muser input field search name unit&amp#27;[39m                &amp#27;[90m# com.project6.Unit.UnitSteps.user_input_field_search_name_unit()&amp#27;[39m
        &amp#27;[31morg.openqa.selenium.NoSuchElementException: no such element: Unable to locate element: {"method":"xpath","selector":"//input[@id='name']"}&amp#27;[39m
        &amp#27;[31m  (Session info: chrome=147.0.7727.138)&amp#27;[39m
        &amp#27;[31mFor documentation on this error, please visit: https://www.selenium.dev/documentation/webdriver/troubleshooting/errors#nosuchelementexception&amp#27;[39m
        &amp#27;[31mBuild info: version: '4.41.0', revision: '9fc754f'&amp#27;[39m
        &amp#27;[31mSystem info: os.name: 'Windows 10', os.arch: 'amd64', os.version: '10.0', java.version: '17.0.8'&amp#27;[39m
        &amp#27;[31mDriver info: org.openqa.selenium.chrome.ChromeDriver&amp#27;[39m
        &amp#27;[31mCommand: [92c69f738b1489ee2be2fa60c24d8dfc, findElement {value=//input[@id='name'], using=xpath}]&amp#27;[39m
        &amp#27;[31mCapabilities {acceptInsecureCerts: false, browserName: chrome, browserVersion: 147.0.7727.138, chrome: {chromedriverVersion: 147.0.7727.117 (474cc805edd..., userDataDir: C:\Users\WIN1O~1\AppData\Lo...}, fedcm:accounts: true, goog:chromeOptions: {debuggerAddress: localhost:55632}, goog:processID: 38428, networkConnectionEnabled: false, pageLoadStrategy: normal, platformName: windows, proxy: Proxy(), se:cdp: ws://localhost:55632/devtoo..., se:cdpVersion: 147.0.7727.138, setWindowRect: true, strictFileInteractability: false, timeouts: {implicit: 0, pageLoad: 300000, script: 30000}, unhandledPromptBehavior: dismiss and notify, webauthn:extension:credBlob: true, webauthn:extension:largeBlob: true, webauthn:extension:minPinLength: true, webauthn:extension:prf: true, webauthn:virtualAuthenticators: true}&amp#27;[39m
        &amp#27;[31mSession ID: 92c69f738b1489ee2be2fa60c24d8dfc&amp#27;[39m
        &amp#27;[31m	at org.openqa.selenium.remote.ErrorCodec.decode(ErrorCodec.java:169)&amp#27;[39m
        &amp#27;[31m	at org.openqa.selenium.remote.codec.w3c.W3CHttpResponseCodec.decode(W3CHttpResponseCodec.java:142)&amp#27;[39m
        &amp#27;[31m	at org.openqa.selenium.remote.codec.w3c.W3CHttpResponseCodec.decode(W3CHttpResponseCodec.java:49)&amp#27;[39m
        &amp#27;[31m	at org.openqa.selenium.remote.HttpCommandExecutor.execute(HttpCommandExecutor.java:223)&amp#27;[39m
        &amp#27;[31m	at org.openqa.selenium.remote.service.DriverCommandExecutor.invokeExecute(DriverCommandExecutor.java:216)&amp#27;[39m
        &amp#27;[31m	at org.openqa.selenium.remote.service.DriverCommandExecutor.execute(DriverCommandExecutor.java:174)&amp#27;[39m
        &amp#27;[31m	at org.openqa.selenium.remote.RemoteWebDriver.execute(RemoteWebDriver.java:604)&amp#27;[39m
        &amp#27;[31m	at org.openqa.selenium.remote.ElementLocation$ElementFinder$2.findElement(ElementLocation.java:166)&amp#27;[39m
        &amp#27;[31m	at org.openqa.selenium.remote.ElementLocation.findElement(ElementLocation.java:60)&amp#27;[39m
        &amp#27;[31m	at org.openqa.selenium.remote.RemoteWebDriver.findElement(RemoteWebDriver.java:427)&amp#27;[39m
        &amp#27;[31m	at org.openqa.selenium.remote.RemoteWebDriver.findElement(RemoteWebDriver.java:421)&amp#27;[39m
        &amp#27;[31m	at org.openqa.selenium.support.pagefactory.DefaultElementLocator.findElement(DefaultElementLocator.java:68)&amp#27;[39m
        &amp#27;[31m	at org.openqa.selenium.support.pagefactory.internal.LocatingElementHandler.invoke(LocatingElementHandler.java:38)&amp#27;[39m
        &amp#27;[31m	at jdk.proxy2/jdk.proxy2.$Proxy21.sendKeys(Unknown Source)&amp#27;[39m
        &amp#27;[31m	at com.project6.pages.Unit.setFieldName(Unit.java:67)&amp#27;[39m
        &amp#27;[31m	at com.project6.Unit.UnitSteps.user_input_field_search_name_unit(UnitSteps.java:47)&amp#27;[39m
        &amp#27;[31m	at âœ½.user input field search name unit(file:///C:/Users/WIN%201O/Documents/SQABatch27/Real-Project-Absensi-main/src/main/java/com/project6/features/SearchUnit.feature:9)&amp#27;[39m
  &amp#27;[36mâ†·&amp#27;[39m &amp#27;[36m&amp#27;[1mAnd &amp#27;[22muser click search unit button&amp#27;[39m                    &amp#27;[90m# com.project6.Unit.UnitSteps.user_click_search_unit_button()&amp#27;[39m
  &amp#27;[36mâ†·&amp#27;[39m &amp#27;[36m&amp#27;[1mThen &amp#27;[22muser verify input search unit name &amp#27;[1m"IT Support"&amp#27;[22m&amp#27;[39m &amp#27;[90m# com.project6.Unit.UnitSteps.user_verify_input_search_unit_name(java.lang.String)&amp#27;[39m
]]></system-out>
  </testcase>
  <testcase name="runScenario" classname="com.project6.TestRunner" time="4.482"/>
  <testcase name="runScenario" classname="com.project6.TestRunner" time="2"/>
  <testcase name="runScenario" classname="com.project6.TestRunner" time="12.721">
    <failure message="Expected condition failed: waiting for element to be clickable, but the element was not found: org.openqa.selenium.NoSuchElementException: no such element: Unable to locate element: {&quot;method&quot;:&quot;xpath&quot;,&quot;selector&quot;:&quot;//button[contains(.,&apos;Tambah&apos;)]&quot;}.&#10;(tried for 10 seconds with 500 milliseconds interval)&#10;Build info: version: &apos;4.41.0&apos;, revision: &apos;9fc754f&apos;&#10;System info: os.name: &apos;Windows 10&apos;, os.arch: &apos;amd64&apos;, os.version: &apos;10.0&apos;, java.version: &apos;17.0.8&apos;&#10;Driver info: org.openqa.selenium.chrome.ChromeDriver&#10;Capabilities {acceptInsecureCerts: false, browserName: chrome, browserVersion: 147.0.7727.138, chrome: {chromedriverVersion: 147.0.7727.117 (474cc805edd..., userDataDir: C:\Users\WIN1O~1\AppData\Lo...}, fedcm:accounts: true, goog:chromeOptions: {debuggerAddress: localhost:55632}, goog:processID: 38428, networkConnectionEnabled: false, pageLoadStrategy: normal, platformName: windows, proxy: Proxy(), se:cdp: ws://localhost:55632/devtoo..., se:cdpVersion: 147.0.7727.138, setWindowRect: true, strictFileInteractability: false, timeouts: {implicit: 0, pageLoad: 300000, script: 30000}, unhandledPromptBehavior: dismiss and notify, webauthn:extension:credBlob: true, webauthn:extension:largeBlob: true, webauthn:extension:minPinLength: true, webauthn:extension:prf: true, webauthn:virtualAuthenticators: true}&#10;Session ID: 92c69f738b1489ee2be2fa60c24d8dfc" type="org.openqa.selenium.TimeoutException">org.openqa.selenium.TimeoutException: 
Expected condition failed: waiting for element to be clickable, but the element was not found: org.openqa.selenium.NoSuchElementException: no such element: Unable to locate element: {"method":"xpath","selector":"//button[contains(.,'Tambah')]"}.
(tried for 10 seconds with 500 milliseconds interval)
Build info: version: '4.41.0', revision: '9fc754f'
System info: os.name: 'Windows 10', os.arch: 'amd64', os.version: '10.0', java.version: '17.0.8'
Driver info: org.openqa.selenium.chrome.ChromeDriver
Capabilities {acceptInsecureCerts: false, browserName: chrome, browserVersion: 147.0.7727.138, chrome: {chromedriverVersion: 147.0.7727.117 (474cc805edd..., userDataDir: C:\Users\WIN1O~1\AppData\Lo...}, fedcm:accounts: true, goog:chromeOptions: {debuggerAddress: localhost:55632}, goog:processID: 38428, networkConnectionEnabled: false, pageLoadStrategy: normal, platformName: windows, proxy: Proxy(), se:cdp: ws://localhost:55632/devtoo..., se:cdpVersion: 147.0.7727.138, setWindowRect: true, strictFileInteractability: false, timeouts: {implicit: 0, pageLoad: 300000, script: 30000}, unhandledPromptBehavior: dismiss and notify, webauthn:extension:credBlob: true, webauthn:extension:largeBlob: true, webauthn:extension:minPinLength: true, webauthn:extension:prf: true, webauthn:virtualAuthenticators: true}
Session ID: 92c69f738b1489ee2be2fa60c24d8dfc
</failure>
    <system-out><![CDATA[
&amp#27;[1mScenario:&amp#27;[22m Menambahkan user baru dengan data valid    &amp#27;[90m# src/main/java/com/project6/features/UserMonitoring.feature:11&amp#27;[39m
  &amp#27;[32mâœ”&amp#27;[39m &amp#27;[32m&amp#27;[1mGiven &amp#27;[22mthe user is on the login page&amp#27;[39m              &amp#27;[90m# com.project6.LoginTest.the_user_is_on_the_login_page()&amp#27;[39m
  &amp#27;[32mâœ”&amp#27;[39m &amp#27;[32m&amp#27;[1mWhen &amp#27;[22mthe user enters valid username and password&amp#27;[39m &amp#27;[90m# com.project6.LoginTest.the_user_enters_valid_username_and_password()&amp#27;[39m
  &amp#27;[32mâœ”&amp#27;[39m &amp#27;[32m&amp#27;[1mAnd &amp#27;[22mclicks the login button&amp#27;[39m                      &amp#27;[90m# com.project6.LoginTest.clicks_the_login_button()&amp#27;[39m
  &amp#27;[32mâœ”&amp#27;[39m &amp#27;[32m&amp#27;[1mAnd &amp#27;[22muser click menu management&amp#27;[39m                   &amp#27;[90m# com.project6.UserSteps.user_click_menu_management()&amp#27;[39m
  &amp#27;[32mâœ”&amp#27;[39m &amp#27;[32m&amp#27;[1mAnd &amp#27;[22muser click user monitoring menu&amp#27;[39m              &amp#27;[90m# com.project6.UserMonitoring.UserMonitoringSteps.user_click_user_monitoring()&amp#27;[39m
  &amp#27;[31mâœ˜&amp#27;[39m &amp#27;[31m&amp#27;[1mAnd &amp#27;[22muser click tambah menu monitoring&amp#27;[39m            &amp#27;[90m# com.project6.UserMonitoring.UserMonitoringSteps.user_click_tambah_menu_monitoring()&amp#27;[39m
        &amp#27;[31morg.openqa.selenium.TimeoutException: Expected condition failed: waiting for element to be clickable, but the element was not found: org.openqa.selenium.NoSuchElementException: no such element: Unable to locate element: {"method":"xpath","selector":"//button[contains(.,'Tambah')]"}.&amp#27;[39m
        &amp#27;[31m(tried for 10 seconds with 500 milliseconds interval)&amp#27;[39m
        &amp#27;[31mBuild info: version: '4.41.0', revision: '9fc754f'&amp#27;[39m
        &amp#27;[31mSystem info: os.name: 'Windows 10', os.arch: 'amd64', os.version: '10.0', java.version: '17.0.8'&amp#27;[39m
        &amp#27;[31mDriver info: org.openqa.selenium.chrome.ChromeDriver&amp#27;[39m
        &amp#27;[31mCapabilities {acceptInsecureCerts: false, browserName: chrome, browserVersion: 147.0.7727.138, chrome: {chromedriverVersion: 147.0.7727.117 (474cc805edd..., userDataDir: C:\Users\WIN1O~1\AppData\Lo...}, fedcm:accounts: true, goog:chromeOptions: {debuggerAddress: localhost:55632}, goog:processID: 38428, networkConnectionEnabled: false, pageLoadStrategy: normal, platformName: windows, proxy: Proxy(), se:cdp: ws://localhost:55632/devtoo..., se:cdpVersion: 147.0.7727.138, setWindowRect: true, strictFileInteractability: false, timeouts: {implicit: 0, pageLoad: 300000, script: 30000}, unhandledPromptBehavior: dismiss and notify, webauthn:extension:credBlob: true, webauthn:extension:largeBlob: true, webauthn:extension:minPinLength: true, webauthn:extension:prf: true, webauthn:virtualAuthenticators: true}&amp#27;[39m
        &amp#27;[31mSession ID: 92c69f738b1489ee2be2fa60c24d8dfc&amp#27;[39m
        &amp#27;[31m	at org.openqa.selenium.support.ui.WebDriverWait.timeoutException(WebDriverWait.java:85)&amp#27;[39m
        &amp#27;[31m	at org.openqa.selenium.support.ui.FluentWait.until(FluentWait.java:233)&amp#27;[39m
        &amp#27;[31m	at com.project6.pages.UserMonitoring.clickaddMonitorButton(UserMonitoring.java:71)&amp#27;[39m
        &amp#27;[31m	at com.project6.UserMonitoring.UserMonitoringSteps.user_click_tambah_menu_monitoring(UserMonitoringSteps.java:35)&amp#27;[39m
        &amp#27;[31m	at âœ½.user click tambah menu monitoring(file:///C:/Users/WIN%201O/Documents/SQABatch27/Real-Project-Absensi-main/src/main/java/com/project6/features/UserMonitoring.feature:14)&amp#27;[39m
  &amp#27;[36mâ†·&amp#27;[39m &amp#27;[36m&amp#27;[1mAnd &amp#27;[22muser input full name &amp#27;[1m"Budi Santoso"&amp#27;[22m&amp#27;[39m          &amp#27;[90m# com.project6.UserMonitoring.UserMonitoringSteps.user_input_full_name(java.lang.String)&amp#27;[39m
  &amp#27;[36mâ†·&amp#27;[39m &amp#27;[36m&amp#27;[1mAnd &amp#27;[22muser input email &amp#27;[1m"budi.santoso@example.com"&amp#27;[22m&amp#27;[39m  &amp#27;[90m# com.project6.UserMonitoring.UserMonitoringSteps.user_input_email(java.lang.String)&amp#27;[39m
  &amp#27;[36mâ†·&amp#27;[39m &amp#27;[36m&amp#27;[1mAnd &amp#27;[22muser input password &amp#27;[1m"Password123"&amp#27;[22m&amp#27;[39m            &amp#27;[90m# com.project6.UserMonitoring.UserMonitoringSteps.user_input_password(java.lang.String)&amp#27;[39m
  &amp#27;[36mâ†·&amp#27;[39m &amp#27;[36m&amp#27;[1mAnd &amp#27;[22muser input unit &amp#27;[1m"1 edit"&amp#27;[22m&amp#27;[39m                     &amp#27;[90m# com.project6.UserMonitoring.UserMonitoringSteps.user_input_unit(java.lang.String)&amp#27;[39m
  &amp#27;[36mâ†·&amp#27;[39m &amp#27;[36m&amp#27;[1mAnd &amp#27;[22muser click submit add user button&amp#27;[39m            &amp#27;[90m# com.project6.UserMonitoring.UserMonitoringSteps.user_click_submit_add_user_button()&amp#27;[39m
  &amp#27;[36mâ†·&amp#27;[39m &amp#27;[36m&amp#27;[1mThen &amp#27;[22muser berhasil menambahkan data user&amp#27;[39m         &amp#27;[90m# com.project6.UserMonitoring.UserMonitoringSteps.user_berhasil_menambahkan_data_user()&amp#27;[39m
]]></system-out>
  </testcase>
  <testcase name="runScenario" classname="com.project6.TestRunner" time="11.9">
    <failure message="no such element: Unable to locate element: {&quot;method&quot;:&quot;xpath&quot;,&quot;selector&quot;:&quot;//input[@id=&apos;name&apos;]&quot;}&#10;  (Session info: chrome=147.0.7727.138)&#10;For documentation on this error, please visit: https://www.selenium.dev/documentation/webdriver/troubleshooting/errors#nosuchelementexception&#10;Build info: version: &apos;4.41.0&apos;, revision: &apos;9fc754f&apos;&#10;System info: os.name: &apos;Windows 10&apos;, os.arch: &apos;amd64&apos;, os.version: &apos;10.0&apos;, java.version: &apos;17.0.8&apos;&#10;Driver info: org.openqa.selenium.chrome.ChromeDriver&#10;Command: [92c69f738b1489ee2be2fa60c24d8dfc, findElement {value=//input[@id=&apos;name&apos;], using=xpath}]&#10;Capabilities {acceptInsecureCerts: false, browserName: chrome, browserVersion: 147.0.7727.138, chrome: {chromedriverVersion: 147.0.7727.117 (474cc805edd..., userDataDir: C:\Users\WIN1O~1\AppData\Lo...}, fedcm:accounts: true, goog:chromeOptions: {debuggerAddress: localhost:55632}, goog:processID: 38428, networkConnectionEnabled: false, pageLoadStrategy: normal, platformName: windows, proxy: Proxy(), se:cdp: ws://localhost:55632/devtoo..., se:cdpVersion: 147.0.7727.138, setWindowRect: true, strictFileInteractability: false, timeouts: {implicit: 0, pageLoad: 300000, script: 30000}, unhandledPromptBehavior: dismiss and notify, webauthn:extension:credBlob: true, webauthn:extension:largeBlob: true, webauthn:extension:minPinLength: true, webauthn:extension:prf: true, webauthn:virtualAuthenticators: true}&#10;Session ID: 92c69f738b1489ee2be2fa60c24d8dfc" type="org.openqa.selenium.NoSuchElementException">org.openqa.selenium.NoSuchElementException: 
no such element: Unable to locate element: {"method":"xpath","selector":"//input[@id='name']"}
  (Session info: chrome=147.0.7727.138)
For documentation on this error, please visit: https://www.selenium.dev/documentation/webdriver/troubleshooting/errors#nosuchelementexception
Build info: version: '4.41.0', revision: '9fc754f'
System info: os.name: 'Windows 10', os.arch: 'amd64', os.version: '10.0', java.version: '17.0.8'
Driver info: org.openqa.selenium.chrome.ChromeDriver
Command: [92c69f738b1489ee2be2fa60c24d8dfc, findElement {value=//input[@id='name'], using=xpath}]
Capabilities {acceptInsecureCerts: false, browserName: chrome, browserVersion: 147.0.7727.138, chrome: {chromedriverVersion: 147.0.7727.117 (474cc805edd..., userDataDir: C:\Users\WIN1O~1\AppData\Lo...}, fedcm:accounts: true, goog:chromeOptions: {debuggerAddress: localhost:55632}, goog:processID: 38428, networkConnectionEnabled: false, pageLoadStrategy: normal, platformName: windows, proxy: Proxy(), se:cdp: ws://localhost:55632/devtoo..., se:cdpVersion: 147.0.7727.138, setWindowRect: true, strictFileInteractability: false, timeouts: {implicit: 0, pageLoad: 300000, script: 30000}, unhandledPromptBehavior: dismiss and notify, webauthn:extension:credBlob: true, webauthn:extension:largeBlob: true, webauthn:extension:minPinLength: true, webauthn:extension:prf: true, webauthn:virtualAuthenticators: true}
Session ID: 92c69f738b1489ee2be2fa60c24d8dfc
</failure>
    <system-out><![CDATA[
&amp#27;[1mScenario:&amp#27;[22m User reset search filter in unit page      &amp#27;[90m# src/main/java/com/project6/features/resetUnit.feature:3&amp#27;[39m
  &amp#27;[32mâœ”&amp#27;[39m &amp#27;[32m&amp#27;[1mGiven &amp#27;[22mthe user is on the login page&amp#27;[39m              &amp#27;[90m# com.project6.LoginTest.the_user_is_on_the_login_page()&amp#27;[39m
  &amp#27;[32mâœ”&amp#27;[39m &amp#27;[32m&amp#27;[1mWhen &amp#27;[22mthe user enters valid username and password&amp#27;[39m &amp#27;[90m# com.project6.LoginTest.the_user_enters_valid_username_and_password()&amp#27;[39m
  &amp#27;[32mâœ”&amp#27;[39m &amp#27;[32m&amp#27;[1mAnd &amp#27;[22mclicks the login button&amp#27;[39m                      &amp#27;[90m# com.project6.LoginTest.clicks_the_login_button()&amp#27;[39m
  &amp#27;[32mâœ”&amp#27;[39m &amp#27;[32m&amp#27;[1mAnd &amp#27;[22muser click menu management&amp#27;[39m                   &amp#27;[90m# com.project6.UserSteps.user_click_menu_management()&amp#27;[39m
  &amp#27;[32mâœ”&amp#27;[39m &amp#27;[32m&amp#27;[1mWhen &amp#27;[22muser click unit menu&amp#27;[39m                        &amp#27;[90m# com.project6.Unit.UnitSteps.user_click_unit_menu()&amp#27;[39m
  &amp#27;[31mâœ˜&amp#27;[39m &amp#27;[31m&amp#27;[1mAnd &amp#27;[22muser input field search name unit&amp#27;[39m            &amp#27;[90m# com.project6.Unit.UnitSteps.user_input_field_search_name_unit()&amp#27;[39m
        &amp#27;[31morg.openqa.selenium.NoSuchElementException: no such element: Unable to locate element: {"method":"xpath","selector":"//input[@id='name']"}&amp#27;[39m
        &amp#27;[31m  (Session info: chrome=147.0.7727.138)&amp#27;[39m
        &amp#27;[31mFor documentation on this error, please visit: https://www.selenium.dev/documentation/webdriver/troubleshooting/errors#nosuchelementexception&amp#27;[39m
        &amp#27;[31mBuild info: version: '4.41.0', revision: '9fc754f'&amp#27;[39m
        &amp#27;[31mSystem info: os.name: 'Windows 10', os.arch: 'amd64', os.version: '10.0', java.version: '17.0.8'&amp#27;[39m
        &amp#27;[31mDriver info: org.openqa.selenium.chrome.ChromeDriver&amp#27;[39m
        &amp#27;[31mCommand: [92c69f738b1489ee2be2fa60c24d8dfc, findElement {value=//input[@id='name'], using=xpath}]&amp#27;[39m
        &amp#27;[31mCapabilities {acceptInsecureCerts: false, browserName: chrome, browserVersion: 147.0.7727.138, chrome: {chromedriverVersion: 147.0.7727.117 (474cc805edd..., userDataDir: C:\Users\WIN1O~1\AppData\Lo...}, fedcm:accounts: true, goog:chromeOptions: {debuggerAddress: localhost:55632}, goog:processID: 38428, networkConnectionEnabled: false, pageLoadStrategy: normal, platformName: windows, proxy: Proxy(), se:cdp: ws://localhost:55632/devtoo..., se:cdpVersion: 147.0.7727.138, setWindowRect: true, strictFileInteractability: false, timeouts: {implicit: 0, pageLoad: 300000, script: 30000}, unhandledPromptBehavior: dismiss and notify, webauthn:extension:credBlob: true, webauthn:extension:largeBlob: true, webauthn:extension:minPinLength: true, webauthn:extension:prf: true, webauthn:virtualAuthenticators: true}&amp#27;[39m
        &amp#27;[31mSession ID: 92c69f738b1489ee2be2fa60c24d8dfc&amp#27;[39m
        &amp#27;[31m	at org.openqa.selenium.remote.ErrorCodec.decode(ErrorCodec.java:169)&amp#27;[39m
        &amp#27;[31m	at org.openqa.selenium.remote.codec.w3c.W3CHttpResponseCodec.decode(W3CHttpResponseCodec.java:142)&amp#27;[39m
        &amp#27;[31m	at org.openqa.selenium.remote.codec.w3c.W3CHttpResponseCodec.decode(W3CHttpResponseCodec.java:49)&amp#27;[39m
        &amp#27;[31m	at org.openqa.selenium.remote.HttpCommandExecutor.execute(HttpCommandExecutor.java:223)&amp#27;[39m
        &amp#27;[31m	at org.openqa.selenium.remote.service.DriverCommandExecutor.invokeExecute(DriverCommandExecutor.java:216)&amp#27;[39m
        &amp#27;[31m	at org.openqa.selenium.remote.service.DriverCommandExecutor.execute(DriverCommandExecutor.java:174)&amp#27;[39m
        &amp#27;[31m	at org.openqa.selenium.remote.RemoteWebDriver.execute(RemoteWebDriver.java:604)&amp#27;[39m
        &amp#27;[31m	at org.openqa.selenium.remote.ElementLocation$ElementFinder$2.findElement(ElementLocation.java:166)&amp#27;[39m
        &amp#27;[31m	at org.openqa.selenium.remote.ElementLocation.findElement(ElementLocation.java:60)&amp#27;[39m
        &amp#27;[31m	at org.openqa.selenium.remote.RemoteWebDriver.findElement(RemoteWebDriver.java:427)&amp#27;[39m
        &amp#27;[31m	at org.openqa.selenium.remote.RemoteWebDriver.findElement(RemoteWebDriver.java:421)&amp#27;[39m
        &amp#27;[31m	at org.openqa.selenium.support.pagefactory.DefaultElementLocator.findElement(DefaultElementLocator.java:68)&amp#27;[39m
        &amp#27;[31m	at org.openqa.selenium.support.pagefactory.internal.LocatingElementHandler.invoke(LocatingElementHandler.java:38)&amp#27;[39m
        &amp#27;[31m	at jdk.proxy2/jdk.proxy2.$Proxy21.sendKeys(Unknown Source)&amp#27;[39m
        &amp#27;[31m	at com.project6.pages.Unit.setFieldName(Unit.java:67)&amp#27;[39m
        &amp#27;[31m	at com.project6.Unit.UnitSteps.user_input_field_search_name_unit(UnitSteps.java:47)&amp#27;[39m
        &amp#27;[31m	at âœ½.user input field search name unit(file:///C:/Users/WIN%201O/Documents/SQABatch27/Real-Project-Absensi-main/src/main/java/com/project6/features/resetUnit.feature:9)&amp#27;[39m
  &amp#27;[36mâ†·&amp#27;[39m &amp#27;[36m&amp#27;[1mAnd &amp#27;[22muser click reset unit&amp#27;[39m                        &amp#27;[90m# com.project6.Unit.UnitSteps.user_click_reset_unit()&amp#27;[39m
  &amp#27;[36mâ†·&amp#27;[39m &amp#27;[36m&amp#27;[1mThen &amp#27;[22muser kembali ke halaman unit&amp#27;[39m                &amp#27;[90m# com.project6.Unit.UnitSteps.user_kembali_ke_halaman_unit()&amp#27;[39m
]]></system-out>
  </testcase>
</testsuite>