<?xml version="1.0" encoding="UTF-8"?>
<!-- Generated by org.testng.reporters.JUnitReportReporter -->
<testsuite hostname="LAPTOP-JM33QDSQ" failures="0" tests="18" name="com.project6.TestRunner" time="101.005" errors="8" timestamp="2026-05-04T19:36:13 WITA" skipped="0">
  <testcase classname="com.project6.TestRunner" name="runScenario" time="2.642"/>
  <testcase classname="com.project6.TestRunner" name="runScenario" time="1.559"/>
  <testcase classname="com.project6.TestRunner" name="runScenario" time="12.542">
    <error message="Expected condition failed: waiting for presence of element found by By.xpath: (//*[contains(normalize-space(),&#039;Batal&#039;)])[8]
(tried for 10 seconds with 500 milliseconds interval)
Build info: version: &#039;4.41.0&#039;, revision: &#039;9fc754f&#039;
System info: os.name: &#039;Windows 10&#039;, os.arch: &#039;amd64&#039;, os.version: &#039;10.0&#039;, java.version: &#039;17.0.8&#039;
Driver info: org.openqa.selenium.chrome.ChromeDriver
Capabilities {acceptInsecureCerts: false, browserName: chrome, browserVersion: 147.0.7727.138, chrome: {chromedriverVersion: 147.0.7727.117 (474cc805edd..., userDataDir: C:\Users\WIN1O~1\AppData\Lo...}, fedcm:accounts: true, goog:chromeOptions: {debuggerAddress: localhost:55632}, goog:processID: 38428, networkConnectionEnabled: false, pageLoadStrategy: normal, platformName: windows, proxy: Proxy(), se:cdp: ws://localhost:55632/devtoo..., se:cdpVersion: 147.0.7727.138, setWindowRect: true, strictFileInteractability: false, timeouts: {implicit: 0, pageLoad: 300000, script: 30000}, unhandledPromptBehavior: dismiss and notify, webauthn:extension:credBlob: true, webauthn:extension:largeBlob: true, webauthn:extension:minPinLength: true, webauthn:extension:prf: true, webauthn:virtualAuthenticators: true}
Session ID: 92c69f738b1489ee2be2fa60c24d8dfc" type="org.openqa.selenium.TimeoutException">
      <![CDATA[org.openqa.selenium.TimeoutException: Expected condition failed: waiting for presence of element found by By.xpath: (//*[contains(normalize-space(),'Batal')])[8]
(tried for 10 seconds with 500 milliseconds interval)
Build info: version: '4.41.0', revision: '9fc754f'
System info: os.name: 'Windows 10', os.arch: 'amd64', os.version: '10.0', java.version: '17.0.8'
Driver info: org.openqa.selenium.chrome.ChromeDriver
Capabilities {acceptInsecureCerts: false, browserName: chrome, browserVersion: 147.0.7727.138, chrome: {chromedriverVersion: 147.0.7727.117 (474cc805edd..., userDataDir: C:\Users\WIN1O~1\AppData\Lo...}, fedcm:accounts: true, goog:chromeOptions: {debuggerAddress: localhost:55632}, goog:processID: 38428, networkConnectionEnabled: false, pageLoadStrategy: normal, platformName: windows, proxy: Proxy(), se:cdp: ws://localhost:55632/devtoo..., se:cdpVersion: 147.0.7727.138, setWindowRect: true, strictFileInteractability: false, timeouts: {implicit: 0, pageLoad: 300000, script: 30000}, unhandledPromptBehavior: dismiss and notify, webauthn:extension:credBlob: true, webauthn:extension:largeBlob: true, webauthn:extension:minPinLength: true, webauthn:extension:prf: true, webauthn:virtualAuthenticators: true}
Session ID: 92c69f738b1489ee2be2fa60c24d8dfc
at org.openqa.selenium.support.ui.WebDriverWait.timeoutException(WebDriverWait.java:85)
at org.openqa.selenium.support.ui.FluentWait.until(FluentWait.java:233)
at com.project6.pages.User.clickBatalButtonFilterUser(User.java:138)
at com.project6.UserSteps.user_click_batal_filter_button(UserSteps.java:112)
at ✽.user click batal filter button(file:///C:/Users/WIN%201O/Documents/SQABatch27/Real-Project-Absensi-main/src/main/java/com/project6/features/FilterBatalUser.feature:10)
]]>
    </error>
  </testcase> <!-- runScenario -->
  <testcase classname="com.project6.TestRunner" name="runScenario" time="11.536">
    <error message="no such element: Unable to locate element: {&quot;method&quot;:&quot;xpath&quot;,&quot;selector&quot;:&quot;//input[@id=&#039;name&#039;]&quot;}
  (Session info: chrome=147.0.7727.138)
For documentation on this error, please visit: https://www.selenium.dev/documentation/webdriver/troubleshooting/errors#nosuchelementexception
Build info: version: &#039;4.41.0&#039;, revision: &#039;9fc754f&#039;
System info: os.name: &#039;Windows 10&#039;, os.arch: &#039;amd64&#039;, os.version: &#039;10.0&#039;, java.version: &#039;17.0.8&#039;
Driver info: org.openqa.selenium.chrome.ChromeDriver
Command: [92c69f738b1489ee2be2fa60c24d8dfc, findElement {value=//input[@id=&#039;name&#039;], using=xpath}]
Capabilities {acceptInsecureCerts: false, browserName: chrome, browserVersion: 147.0.7727.138, chrome: {chromedriverVersion: 147.0.7727.117 (474cc805edd..., userDataDir: C:\Users\WIN1O~1\AppData\Lo...}, fedcm:accounts: true, goog:chromeOptions: {debuggerAddress: localhost:55632}, goog:processID: 38428, networkConnectionEnabled: false, pageLoadStrategy: normal, platformName: windows, proxy: Proxy(), se:cdp: ws://localhost:55632/devtoo..., se:cdpVersion: 147.0.7727.138, setWindowRect: true, strictFileInteractability: false, timeouts: {implicit: 0, pageLoad: 300000, script: 30000}, unhandledPromptBehavior: dismiss and notify, webauthn:extension:credBlob: true, webauthn:extension:largeBlob: true, webauthn:extension:minPinLength: true, webauthn:extension:prf: true, webauthn:virtualAuthenticators: true}
Session ID: 92c69f738b1489ee2be2fa60c24d8dfc" type="org.openqa.selenium.NoSuchElementException">
      <![CDATA[org.openqa.selenium.NoSuchElementException: no such element: Unable to locate element: {"method":"xpath","selector":"//input[@id='name']"}
  (Session info: chrome=147.0.7727.138)
For documentation on this error, please visit: https://www.selenium.dev/documentation/webdriver/troubleshooting/errors#nosuchelementexception
Build info: version: '4.41.0', revision: '9fc754f'
System info: os.name: 'Windows 10', os.arch: 'amd64', os.version: '10.0', java.version: '17.0.8'
Driver info: org.openqa.selenium.chrome.ChromeDriver
Command: [92c69f738b1489ee2be2fa60c24d8dfc, findElement {value=//input[@id='name'], using=xpath}]
Capabilities {acceptInsecureCerts: false, browserName: chrome, browserVersion: 147.0.7727.138, chrome: {chromedriverVersion: 147.0.7727.117 (474cc805edd..., userDataDir: C:\Users\WIN1O~1\AppData\Lo...}, fedcm:accounts: true, goog:chromeOptions: {debuggerAddress: localhost:55632}, goog:processID: 38428, networkConnectionEnabled: false, pageLoadStrategy: normal, platformName: windows, proxy: Proxy(), se:cdp: ws://localhost:55632/devtoo..., se:cdpVersion: 147.0.7727.138, setWindowRect: true, strictFileInteractability: false, timeouts: {implicit: 0, pageLoad: 300000, script: 30000}, unhandledPromptBehavior: dismiss and notify, webauthn:extension:credBlob: true, webauthn:extension:largeBlob: true, webauthn:extension:minPinLength: true, webauthn:extension:prf: true, webauthn:virtualAuthenticators: true}
Session ID: 92c69f738b1489ee2be2fa60c24d8dfc
at org.openqa.selenium.remote.ErrorCodec.decode(ErrorCodec.java:169)
at org.openqa.selenium.remote.codec.w3c.W3CHttpResponseCodec.decode(W3CHttpResponseCodec.java:142)
at org.openqa.selenium.remote.codec.w3c.W3CHttpResponseCodec.decode(W3CHttpResponseCodec.java:49)
at org.openqa.selenium.remote.HttpCommandExecutor.execute(HttpCommandExecutor.java:223)
at org.openqa.selenium.remote.service.DriverCommandExecutor.invokeExecute(DriverCommandExecutor.java:216)
at org.openqa.selenium.remote.service.DriverCommandExecutor.execute(DriverCommandExecutor.java:174)
at org.openqa.selenium.remote.RemoteWebDriver.execute(RemoteWebDriver.java:604)
at org.openqa.selenium.remote.ElementLocation$ElementFinder$2.findElement(ElementLocation.java:166)
at org.openqa.selenium.remote.ElementLocation.findElement(ElementLocation.java:60)
at org.openqa.selenium.remote.RemoteWebDriver.findElement(RemoteWebDriver.java:427)
at org.openqa.selenium.remote.RemoteWebDriver.findElement(RemoteWebDriver.java:421)
at org.openqa.selenium.support.pagefactory.DefaultElementLocator.findElement(DefaultElementLocator.java:68)
at org.openqa.selenium.support.pagefactory.internal.LocatingElementHandler.invoke(LocatingElementHandler.java:38)
at jdk.proxy2/jdk.proxy2.$Proxy21.sendKeys(Unknown Source)
at com.project6.pages.Unit.setFieldName(Unit.java:67)
at com.project6.Unit.UnitSteps.user_input_field_search_name_unit(UnitSteps.java:47)
at ✽.user input field search name unit(file:///C:/Users/WIN%201O/Documents/SQABatch27/Real-Project-Absensi-main/src/main/java/com/project6/features/SearchUnit.feature:9)
]]>
    </error>
  </testcase> <!-- runScenario -->
  <testcase classname="com.project6.TestRunner" name="runScenario" time="2.440"/>
  <testcase classname="com.project6.TestRunner" name="runScenario" time="4.482"/>
  <testcase classname="com.project6.TestRunner" name="runScenario" time="1.140">
    <error message="The step &#039;user click user absen point menu&#039; is undefined.
You can implement this step using the snippet(s) below:

@When(&quot;user click user absen point menu&quot;)
public void user_click_user_absen_point_menu() {
    // Write code here that turns the phrase above into concrete actions
    throw new io.cucumber.java.PendingException();
}
" type="io.cucumber.testng.UndefinedStepException">
      <![CDATA[io.cucumber.testng.UndefinedStepException: The step 'user click user absen point menu' is undefined.
You can implement this step using the snippet(s) below:

@When("user click user absen point menu")
public void user_click_user_absen_point_menu() {
    // Write code here that turns the phrase above into concrete actions
    throw new io.cucumber.java.PendingException();
}

at ✽.user click user absen point menu(file:///C:/Users/WIN%201O/Documents/SQABatch27/Real-Project-Absensi-main/src/main/java/com/project6/features/SearchAbsenPoint.feature:11)
]]>
    </error>
  </testcase> <!-- runScenario -->
  <testcase classname="com.project6.TestRunner" name="runScenario" time="3.212"/>
  <testcase classname="com.project6.TestRunner" name="runScenario" time="7.476">
    <error message="element click intercepted: Element &lt;input aria-invalid=&quot;false&quot; id=&quot;name&quot; name=&quot;name&quot; required=&quot;&quot; type=&quot;text&quot; class=&quot;MuiInputBase-input MuiOutlinedInput-input MuiInputBase-inputSizeSmall css-1o6z5ng&quot; value=&quot;&quot;&gt; is not clickable at point (640, 231). Other element would receive the click: &lt;input aria-invalid=&quot;false&quot; id=&quot;latitude&quot; name=&quot;latitude&quot; required=&quot;&quot; type=&quot;text&quot; class=&quot;MuiInputBase-input MuiOutlinedInput-input MuiInputBase-inputSizeSmall css-1o6z5ng&quot; value=&quot;&quot;&gt;
  (Session info: chrome=147.0.7727.138)
Build info: version: &#039;4.41.0&#039;, revision: &#039;9fc754f&#039;
System info: os.name: &#039;Windows 10&#039;, os.arch: &#039;amd64&#039;, os.version: &#039;10.0&#039;, java.version: &#039;17.0.8&#039;
Driver info: org.openqa.selenium.chrome.ChromeDriver
Command: [92c69f738b1489ee2be2fa60c24d8dfc, clickElement {id=f.3D79686681D70C0E95FF306FCD2CC69E.d.5ECA64B09F09A328068587E5EA753407.e.64}]
Capabilities {acceptInsecureCerts: false, browserName: chrome, browserVersion: 147.0.7727.138, chrome: {chromedriverVersion: 147.0.7727.117 (474cc805edd..., userDataDir: C:\Users\WIN1O~1\AppData\Lo...}, fedcm:accounts: true, goog:chromeOptions: {debuggerAddress: localhost:55632}, goog:processID: 38428, networkConnectionEnabled: false, pageLoadStrategy: normal, platformName: windows, proxy: Proxy(), se:cdp: ws://localhost:55632/devtoo..., se:cdpVersion: 147.0.7727.138, setWindowRect: true, strictFileInteractability: false, timeouts: {implicit: 0, pageLoad: 300000, script: 30000}, unhandledPromptBehavior: dismiss and notify, webauthn:extension:credBlob: true, webauthn:extension:largeBlob: true, webauthn:extension:minPinLength: true, webauthn:extension:prf: true, webauthn:virtualAuthenticators: true}
Element: [[ChromeDriver: chrome on windows (92c69f738b1489ee2be2fa60c24d8dfc)] -&gt; xpath: (//input[contains(@class,&#039;MuiInputBase-input MuiOutlinedInput-input MuiInputBase-inputSizeSmall&#039;)])[1]]
Session ID: 92c69f738b1489ee2be2fa60c24d8dfc" type="org.openqa.selenium.ElementClickInterceptedException">
      <![CDATA[org.openqa.selenium.ElementClickInterceptedException: element click intercepted: Element <input aria-invalid="false" id="name" name="name" required="" type="text" class="MuiInputBase-input MuiOutlinedInput-input MuiInputBase-inputSizeSmall css-1o6z5ng" value=""> is not clickable at point (640, 231). Other element would receive the click: <input aria-invalid="false" id="latitude" name="latitude" required="" type="text" class="MuiInputBase-input MuiOutlinedInput-input MuiInputBase-inputSizeSmall css-1o6z5ng" value="">
  (Session info: chrome=147.0.7727.138)
Build info: version: '4.41.0', revision: '9fc754f'
System info: os.name: 'Windows 10', os.arch: 'amd64', os.version: '10.0', java.version: '17.0.8'
Driver info: org.openqa.selenium.chrome.ChromeDriver
Command: [92c69f738b1489ee2be2fa60c24d8dfc, clickElement {id=f.3D79686681D70C0E95FF306FCD2CC69E.d.5ECA64B09F09A328068587E5EA753407.e.64}]
Capabilities {acceptInsecureCerts: false, browserName: chrome, browserVersion: 147.0.7727.138, chrome: {chromedriverVersion: 147.0.7727.117 (474cc805edd..., userDataDir: C:\Users\WIN1O~1\AppData\Lo...}, fedcm:accounts: true, goog:chromeOptions: {debuggerAddress: localhost:55632}, goog:processID: 38428, networkConnectionEnabled: false, pageLoadStrategy: normal, platformName: windows, proxy: Proxy(), se:cdp: ws://localhost:55632/devtoo..., se:cdpVersion: 147.0.7727.138, setWindowRect: true, strictFileInteractability: false, timeouts: {implicit: 0, pageLoad: 300000, script: 30000}, unhandledPromptBehavior: dismiss and notify, webauthn:extension:credBlob: true, webauthn:extension:largeBlob: true, webauthn:extension:minPinLength: true, webauthn:extension:prf: true, webauthn:virtualAuthenticators: true}
Element: [[ChromeDriver: chrome on windows (92c69f738b1489ee2be2fa60c24d8dfc)] -> xpath: (//input[contains(@class,'MuiInputBase-input MuiOutlinedInput-input MuiInputBase-inputSizeSmall')])[1]]
Session ID: 92c69f738b1489ee2be2fa60c24d8dfc
at org.openqa.selenium.remote.ErrorCodec.decode(ErrorCodec.java:169)
at org.openqa.selenium.remote.codec.w3c.W3CHttpResponseCodec.decode(W3CHttpResponseCodec.java:142)
at org.openqa.selenium.remote.codec.w3c.W3CHttpResponseCodec.decode(W3CHttpResponseCodec.java:49)
at org.openqa.selenium.remote.HttpCommandExecutor.execute(HttpCommandExecutor.java:223)
at org.openqa.selenium.remote.service.DriverCommandExecutor.invokeExecute(DriverCommandExecutor.java:216)
at org.openqa.selenium.remote.service.DriverCommandExecutor.execute(DriverCommandExecutor.java:174)
at org.openqa.selenium.remote.RemoteWebDriver.execute(RemoteWebDriver.java:604)
at org.openqa.selenium.remote.RemoteWebElement.execute(RemoteWebElement.java:223)
at org.openqa.selenium.remote.RemoteWebElement.click(RemoteWebElement.java:76)
at java.base/jdk.internal.reflect.NativeMethodAccessorImpl.invoke0(Native Method)
at java.base/jdk.internal.reflect.NativeMethodAccessorImpl.invoke(NativeMethodAccessorImpl.java:77)
at java.base/jdk.internal.reflect.DelegatingMethodAccessorImpl.invoke(DelegatingMethodAccessorImpl.java:43)
at java.base/java.lang.reflect.Method.invoke(Method.java:568)
at org.openqa.selenium.support.pagefactory.internal.LocatingElementHandler.invoke(LocatingElementHandler.java:51)
at jdk.proxy2/jdk.proxy2.$Proxy21.click(Unknown Source)
at com.project6.pages.AbsenPoint.clickfieldName(AbsenPoint.java:81)
at com.project6.AbsenPoint.AddAbsenPoint.user_click_field_nama_absen_point(AddAbsenPoint.java:38)
at ✽.user click field nama absen point(file:///C:/Users/WIN%201O/Documents/SQABatch27/Real-Project-Absensi-main/src/main/java/com/project6/features/AddAbsenPoint.feature:13)
]]>
    </error>
  </testcase> <!-- runScenario -->
  <testcase classname="com.project6.TestRunner" name="runScenario" time="12.012">
    <error message="Expected condition failed: waiting for element to be clickable, but the element was not found: org.openqa.selenium.NoSuchElementException: no such element: Unable to locate element: {&quot;method&quot;:&quot;xpath&quot;,&quot;selector&quot;:&quot;//button[contains(.,&#039;Tambah&#039;)]&quot;}.
(tried for 10 seconds with 500 milliseconds interval)
Build info: version: &#039;4.41.0&#039;, revision: &#039;9fc754f&#039;
System info: os.name: &#039;Windows 10&#039;, os.arch: &#039;amd64&#039;, os.version: &#039;10.0&#039;, java.version: &#039;17.0.8&#039;
Driver info: org.openqa.selenium.chrome.ChromeDriver
Capabilities {acceptInsecureCerts: false, browserName: chrome, browserVersion: 147.0.7727.138, chrome: {chromedriverVersion: 147.0.7727.117 (474cc805edd..., userDataDir: C:\Users\WIN1O~1\AppData\Lo...}, fedcm:accounts: true, goog:chromeOptions: {debuggerAddress: localhost:55632}, goog:processID: 38428, networkConnectionEnabled: false, pageLoadStrategy: normal, platformName: windows, proxy: Proxy(), se:cdp: ws://localhost:55632/devtoo..., se:cdpVersion: 147.0.7727.138, setWindowRect: true, strictFileInteractability: false, timeouts: {implicit: 0, pageLoad: 300000, script: 30000}, unhandledPromptBehavior: dismiss and notify, webauthn:extension:credBlob: true, webauthn:extension:largeBlob: true, webauthn:extension:minPinLength: true, webauthn:extension:prf: true, webauthn:virtualAuthenticators: true}
Session ID: 92c69f738b1489ee2be2fa60c24d8dfc" type="org.openqa.selenium.TimeoutException">
      <![CDATA[org.openqa.selenium.TimeoutException: Expected condition failed: waiting for element to be clickable, but the element was not found: org.openqa.selenium.NoSuchElementException: no such element: Unable to locate element: {"method":"xpath","selector":"//button[contains(.,'Tambah')]"}.
(tried for 10 seconds with 500 milliseconds interval)
Build info: version: '4.41.0', revision: '9fc754f'
System info: os.name: 'Windows 10', os.arch: 'amd64', os.version: '10.0', java.version: '17.0.8'
Driver info: org.openqa.selenium.chrome.ChromeDriver
Capabilities {acceptInsecureCerts: false, browserName: chrome, browserVersion: 147.0.7727.138, chrome: {chromedriverVersion: 147.0.7727.117 (474cc805edd..., userDataDir: C:\Users\WIN1O~1\AppData\Lo...}, fedcm:accounts: true, goog:chromeOptions: {debuggerAddress: localhost:55632}, goog:processID: 38428, networkConnectionEnabled: false, pageLoadStrategy: normal, platformName: windows, proxy: Proxy(), se:cdp: ws://localhost:55632/devtoo..., se:cdpVersion: 147.0.7727.138, setWindowRect: true, strictFileInteractability: false, timeouts: {implicit: 0, pageLoad: 300000, script: 30000}, unhandledPromptBehavior: dismiss and notify, webauthn:extension:credBlob: true, webauthn:extension:largeBlob: true, webauthn:extension:minPinLength: true, webauthn:extension:prf: true, webauthn:virtualAuthenticators: true}
Session ID: 92c69f738b1489ee2be2fa60c24d8dfc
at org.openqa.selenium.support.ui.WebDriverWait.timeoutException(WebDriverWait.java:85)
at org.openqa.selenium.support.ui.FluentWait.until(FluentWait.java:233)
at com.project6.pages.UserMonitoring.clickaddMonitorButton(UserMonitoring.java:71)
at com.project6.UserMonitoring.UserMonitoringSteps.user_click_tambah_menu_monitoring(UserMonitoringSteps.java:35)
at ✽.user click tambah menu monitoring(file:///C:/Users/WIN%201O/Documents/SQABatch27/Real-Project-Absensi-main/src/main/java/com/project6/features/EmptyUserMonitoring.feature:14)
]]>
    </error>
  </testcase> <!-- runScenario -->
  <testcase classname="com.project6.TestRunner" name="runScenario" time="2.035">
    <error message="stale element reference: stale element not found in the current frame
  (Session info: chrome=147.0.7727.138)
For documentation on this error, please visit: https://www.selenium.dev/documentation/webdriver/troubleshooting/errors#staleelementreferenceexception
Build info: version: &#039;4.41.0&#039;, revision: &#039;9fc754f&#039;
System info: os.name: &#039;Windows 10&#039;, os.arch: &#039;amd64&#039;, os.version: &#039;10.0&#039;, java.version: &#039;17.0.8&#039;
Driver info: org.openqa.selenium.chrome.ChromeDriver
Command: [92c69f738b1489ee2be2fa60c24d8dfc, sendKeysToElement {value=[Ljava.lang.CharSequence;@6fc0bbc6, id=f.3D79686681D70C0E95FF306FCD2CC69E.d.1FCFAC3A51AA6193DF17B3E59BF84CFF.e.618}]
Capabilities {acceptInsecureCerts: false, browserName: chrome, browserVersion: 147.0.7727.138, chrome: {chromedriverVersion: 147.0.7727.117 (474cc805edd..., userDataDir: C:\Users\WIN1O~1\AppData\Lo...}, fedcm:accounts: true, goog:chromeOptions: {debuggerAddress: localhost:55632}, goog:processID: 38428, networkConnectionEnabled: false, pageLoadStrategy: normal, platformName: windows, proxy: Proxy(), se:cdp: ws://localhost:55632/devtoo..., se:cdpVersion: 147.0.7727.138, setWindowRect: true, strictFileInteractability: false, timeouts: {implicit: 0, pageLoad: 300000, script: 30000}, unhandledPromptBehavior: dismiss and notify, webauthn:extension:credBlob: true, webauthn:extension:largeBlob: true, webauthn:extension:minPinLength: true, webauthn:extension:prf: true, webauthn:virtualAuthenticators: true}
Element: [[ChromeDriver: chrome on windows (92c69f738b1489ee2be2fa60c24d8dfc)] -&gt; xpath: (//input[contains(@class,&#039;MuiInputBase-input&#039;)])[1]]
Session ID: 92c69f738b1489ee2be2fa60c24d8dfc" type="org.openqa.selenium.StaleElementReferenceException">
      <![CDATA[org.openqa.selenium.StaleElementReferenceException: stale element reference: stale element not found in the current frame
  (Session info: chrome=147.0.7727.138)
For documentation on this error, please visit: https://www.selenium.dev/documentation/webdriver/troubleshooting/errors#staleelementreferenceexception
Build info: version: '4.41.0', revision: '9fc754f'
System info: os.name: 'Windows 10', os.arch: 'amd64', os.version: '10.0', java.version: '17.0.8'
Driver info: org.openqa.selenium.chrome.ChromeDriver
Command: [92c69f738b1489ee2be2fa60c24d8dfc, sendKeysToElement {value=[Ljava.lang.CharSequence;@6fc0bbc6, id=f.3D79686681D70C0E95FF306FCD2CC69E.d.1FCFAC3A51AA6193DF17B3E59BF84CFF.e.618}]
Capabilities {acceptInsecureCerts: false, browserName: chrome, browserVersion: 147.0.7727.138, chrome: {chromedriverVersion: 147.0.7727.117 (474cc805edd..., userDataDir: C:\Users\WIN1O~1\AppData\Lo...}, fedcm:accounts: true, goog:chromeOptions: {debuggerAddress: localhost:55632}, goog:processID: 38428, networkConnectionEnabled: false, pageLoadStrategy: normal, platformName: windows, proxy: Proxy(), se:cdp: ws://localhost:55632/devtoo..., se:cdpVersion: 147.0.7727.138, setWindowRect: true, strictFileInteractability: false, timeouts: {implicit: 0, pageLoad: 300000, script: 30000}, unhandledPromptBehavior: dismiss and notify, webauthn:extension:credBlob: true, webauthn:extension:largeBlob: true, webauthn:extension:minPinLength: true, webauthn:extension:prf: true, webauthn:virtualAuthenticators: true}
Element: [[ChromeDriver: chrome on windows (92c69f738b1489ee2be2fa60c24d8dfc)] -> xpath: (//input[contains(@class,'MuiInputBase-input')])[1]]
Session ID: 92c69f738b1489ee2be2fa60c24d8dfc
at org.openqa.selenium.remote.ErrorCodec.decode(ErrorCodec.java:169)
at org.openqa.selenium.remote.codec.w3c.W3CHttpResponseCodec.decode(W3CHttpResponseCodec.java:142)
at org.openqa.selenium.remote.codec.w3c.W3CHttpResponseCodec.decode(W3CHttpResponseCodec.java:49)
at org.openqa.selenium.remote.HttpCommandExecutor.execute(HttpCommandExecutor.java:223)
at org.openqa.selenium.remote.service.DriverCommandExecutor.invokeExecute(DriverCommandExecutor.java:216)
at org.openqa.selenium.remote.service.DriverCommandExecutor.execute(DriverCommandExecutor.java:174)
at org.openqa.selenium.remote.RemoteWebDriver.execute(RemoteWebDriver.java:604)
at org.openqa.selenium.remote.RemoteWebElement.execute(RemoteWebElement.java:223)
at org.openqa.selenium.remote.RemoteWebElement.sendKeys(RemoteWebElement.java:110)
at jdk.internal.reflect.GeneratedMethodAccessor109.invoke(Unknown Source)
at java.base/jdk.internal.reflect.DelegatingMethodAccessorImpl.invoke(DelegatingMethodAccessorImpl.java:43)
at java.base/java.lang.reflect.Method.invoke(Method.java:568)
at org.openqa.selenium.support.pagefactory.internal.LocatingElementHandler.invoke(LocatingElementHandler.java:51)
at jdk.proxy2/jdk.proxy2.$Proxy21.sendKeys(Unknown Source)
at com.project6.pages.AbsenPoint.inputFieldSearchAbsenPoint(AbsenPoint.java:128)
at com.project6.AbsenPoint.AddAbsenPoint.user_input_field_search_name_absen_point(AddAbsenPoint.java:91)
at ✽.user input field search name absen point(file:///C:/Users/WIN%201O/Documents/SQABatch27/Real-Project-Absensi-main/src/main/java/com/project6/features/ResetUserAbsen.feature:14)
]]>
    </error>
  </testcase> <!-- runScenario -->
  <testcase classname="com.project6.TestRunner" name="runScenario" time="11.899">
    <error message="no such element: Unable to locate element: {&quot;method&quot;:&quot;xpath&quot;,&quot;selector&quot;:&quot;//input[@id=&#039;name&#039;]&quot;}
  (Session info: chrome=147.0.7727.138)
For documentation on this error, please visit: https://www.selenium.dev/documentation/webdriver/troubleshooting/errors#nosuchelementexception
Build info: version: &#039;4.41.0&#039;, revision: &#039;9fc754f&#039;
System info: os.name: &#039;Windows 10&#039;, os.arch: &#039;amd64&#039;, os.version: &#039;10.0&#039;, java.version: &#039;17.0.8&#039;
Driver info: org.openqa.selenium.chrome.ChromeDriver
Command: [92c69f738b1489ee2be2fa60c24d8dfc, findElement {value=//input[@id=&#039;name&#039;], using=xpath}]
Capabilities {acceptInsecureCerts: false, browserName: chrome, browserVersion: 147.0.7727.138, chrome: {chromedriverVersion: 147.0.7727.117 (474cc805edd..., userDataDir: C:\Users\WIN1O~1\AppData\Lo...}, fedcm:accounts: true, goog:chromeOptions: {debuggerAddress: localhost:55632}, goog:processID: 38428, networkConnectionEnabled: false, pageLoadStrategy: normal, platformName: windows, proxy: Proxy(), se:cdp: ws://localhost:55632/devtoo..., se:cdpVersion: 147.0.7727.138, setWindowRect: true, strictFileInteractability: false, timeouts: {implicit: 0, pageLoad: 300000, script: 30000}, unhandledPromptBehavior: dismiss and notify, webauthn:extension:credBlob: true, webauthn:extension:largeBlob: true, webauthn:extension:minPinLength: true, webauthn:extension:prf: true, webauthn:virtualAuthenticators: true}
Session ID: 92c69f738b1489ee2be2fa60c24d8dfc" type="org.openqa.selenium.NoSuchElementException">
      <![CDATA[org.openqa.selenium.NoSuchElementException: no such element: Unable to locate element: {"method":"xpath","selector":"//input[@id='name']"}
  (Session info: chrome=147.0.7727.138)
For documentation on this error, please visit: https://www.selenium.dev/documentation/webdriver/troubleshooting/errors#nosuchelementexception
Build info: version: '4.41.0', revision: '9fc754f'
System info: os.name: 'Windows 10', os.arch: 'amd64', os.version: '10.0', java.version: '17.0.8'
Driver info: org.openqa.selenium.chrome.ChromeDriver
Command: [92c69f738b1489ee2be2fa60c24d8dfc, findElement {value=//input[@id='name'], using=xpath}]
Capabilities {acceptInsecureCerts: false, browserName: chrome, browserVersion: 147.0.7727.138, chrome: {chromedriverVersion: 147.0.7727.117 (474cc805edd..., userDataDir: C:\Users\WIN1O~1\AppData\Lo...}, fedcm:accounts: true, goog:chromeOptions: {debuggerAddress: localhost:55632}, goog:processID: 38428, networkConnectionEnabled: false, pageLoadStrategy: normal, platformName: windows, proxy: Proxy(), se:cdp: ws://localhost:55632/devtoo..., se:cdpVersion: 147.0.7727.138, setWindowRect: true, strictFileInteractability: false, timeouts: {implicit: 0, pageLoad: 300000, script: 30000}, unhandledPromptBehavior: dismiss and notify, webauthn:extension:credBlob: true, webauthn:extension:largeBlob: true, webauthn:extension:minPinLength: true, webauthn:extension:prf: true, webauthn:virtualAuthenticators: true}
Session ID: 92c69f738b1489ee2be2fa60c24d8dfc
at org.openqa.selenium.remote.ErrorCodec.decode(ErrorCodec.java:169)
at org.openqa.selenium.remote.codec.w3c.W3CHttpResponseCodec.decode(W3CHttpResponseCodec.java:142)
at org.openqa.selenium.remote.codec.w3c.W3CHttpResponseCodec.decode(W3CHttpResponseCodec.java:49)
at org.openqa.selenium.remote.HttpCommandExecutor.execute(HttpCommandExecutor.java:223)
at org.openqa.selenium.remote.service.DriverCommandExecutor.invokeExecute(DriverCommandExecutor.java:216)
at org.openqa.selenium.remote.service.DriverCommandExecutor.execute(DriverCommandExecutor.java:174)
at org.openqa.selenium.remote.RemoteWebDriver.execute(RemoteWebDriver.java:604)
at org.openqa.selenium.remote.ElementLocation$ElementFinder$2.findElement(ElementLocation.java:166)
at org.openqa.selenium.remote.ElementLocation.findElement(ElementLocation.java:60)
at org.openqa.selenium.remote.RemoteWebDriver.findElement(RemoteWebDriver.java:427)
at org.openqa.selenium.remote.RemoteWebDriver.findElement(RemoteWebDriver.java:421)
at org.openqa.selenium.support.pagefactory.DefaultElementLocator.findElement(DefaultElementLocator.java:68)
at org.openqa.selenium.support.pagefactory.internal.LocatingElementHandler.invoke(LocatingElementHandler.java:38)
at jdk.proxy2/jdk.proxy2.$Proxy21.sendKeys(Unknown Source)
at com.project6.pages.Unit.setFieldName(Unit.java:67)
at com.project6.Unit.UnitSteps.user_input_field_search_name_unit(UnitSteps.java:47)
at ✽.user input field search name unit(file:///C:/Users/WIN%201O/Documents/SQABatch27/Real-Project-Absensi-main/src/main/java/com/project6/features/resetUnit.feature:9)
]]>
    </error>
  </testcase> <!-- runScenario -->
  <testcase classname="com.project6.TestRunner" name="runScenario" time="2.300"/>
  <testcase classname="com.project6.TestRunner" name="runScenario" time="2.001"/>
  <testcase classname="com.project6.TestRunner" name="runScenario" time="3.562"/>
  <testcase classname="com.project6.TestRunner" name="runScenario" time="2.810"/>
  <testcase classname="com.project6.TestRunner" name="runScenario" time="4.635"/>
  <testcase classname="com.project6.TestRunner" name="runScenario" time="12.722">
    <error message="Expected condition failed: waiting for element to be clickable, but the element was not found: org.openqa.selenium.NoSuchElementException: no such element: Unable to locate element: {&quot;method&quot;:&quot;xpath&quot;,&quot;selector&quot;:&quot;//button[contains(.,&#039;Tambah&#039;)]&quot;}.
(tried for 10 seconds with 500 milliseconds interval)
Build info: version: &#039;4.41.0&#039;, revision: &#039;9fc754f&#039;
System info: os.name: &#039;Windows 10&#039;, os.arch: &#039;amd64&#039;, os.version: &#039;10.0&#039;, java.version: &#039;17.0.8&#039;
Driver info: org.openqa.selenium.chrome.ChromeDriver
Capabilities {acceptInsecureCerts: false, browserName: chrome, browserVersion: 147.0.7727.138, chrome: {chromedriverVersion: 147.0.7727.117 (474cc805edd..., userDataDir: C:\Users\WIN1O~1\AppData\Lo...}, fedcm:accounts: true, goog:chromeOptions: {debuggerAddress: localhost:55632}, goog:processID: 38428, networkConnectionEnabled: false, pageLoadStrategy: normal, platformName: windows, proxy: Proxy(), se:cdp: ws://localhost:55632/devtoo..., se:cdpVersion: 147.0.7727.138, setWindowRect: true, strictFileInteractability: false, timeouts: {implicit: 0, pageLoad: 300000, script: 30000}, unhandledPromptBehavior: dismiss and notify, webauthn:extension:credBlob: true, webauthn:extension:largeBlob: true, webauthn:extension:minPinLength: true, webauthn:extension:prf: true, webauthn:virtualAuthenticators: true}
Session ID: 92c69f738b1489ee2be2fa60c24d8dfc" type="org.openqa.selenium.TimeoutException">
      <![CDATA[org.openqa.selenium.TimeoutException: Expected condition failed: waiting for element to be clickable, but the element was not found: org.openqa.selenium.NoSuchElementException: no such element: Unable to locate element: {"method":"xpath","selector":"//button[contains(.,'Tambah')]"}.
(tried for 10 seconds with 500 milliseconds interval)
Build info: version: '4.41.0', revision: '9fc754f'
System info: os.name: 'Windows 10', os.arch: 'amd64', os.version: '10.0', java.version: '17.0.8'
Driver info: org.openqa.selenium.chrome.ChromeDriver
Capabilities {acceptInsecureCerts: false, browserName: chrome, browserVersion: 147.0.7727.138, chrome: {chromedriverVersion: 147.0.7727.117 (474cc805edd..., userDataDir: C:\Users\WIN1O~1\AppData\Lo...}, fedcm:accounts: true, goog:chromeOptions: {debuggerAddress: localhost:55632}, goog:processID: 38428, networkConnectionEnabled: false, pageLoadStrategy: normal, platformName: windows, proxy: Proxy(), se:cdp: ws://localhost:55632/devtoo..., se:cdpVersion: 147.0.7727.138, setWindowRect: true, strictFileInteractability: false, timeouts: {implicit: 0, pageLoad: 300000, script: 30000}, unhandledPromptBehavior: dismiss and notify, webauthn:extension:credBlob: true, webauthn:extension:largeBlob: true, webauthn:extension:minPinLength: true, webauthn:extension:prf: true, webauthn:virtualAuthenticators: true}
Session ID: 92c69f738b1489ee2be2fa60c24d8dfc
at org.openqa.selenium.support.ui.WebDriverWait.timeoutException(WebDriverWait.java:85)
at org.openqa.selenium.support.ui.FluentWait.until(FluentWait.java:233)
at com.project6.pages.UserMonitoring.clickaddMonitorButton(UserMonitoring.java:71)
at com.project6.UserMonitoring.UserMonitoringSteps.user_click_tambah_menu_monitoring(UserMonitoringSteps.java:35)
at ✽.user click tambah menu monitoring(file:///C:/Users/WIN%201O/Documents/SQABatch27/Real-Project-Absensi-main/src/main/java/com/project6/features/UserMonitoring.feature:14)
]]>
    </error>
  </testcase> <!-- runScenario -->
</testsuite> <!-- com.project6.TestRunner -->
