<?xml version="1.0" encoding="UTF-8"?>
<!-- Generated by org.testng.reporters.JUnitReportReporter -->
<testsuite hostname="LAPTOP-JM33QDSQ" failures="0" tests="3" name="com.project6.TestRunner" time="15.357" errors="0" timestamp="2026-04-27T22:36:59 WITA" skipped="0">
  <testcase classname="com.project6.TestRunner" name="runScenario" time="8.637"/>
  <testcase classname="com.project6.TestRunner" name="runScenario" time="2.040"/>
  <testcase classname="com.project6.TestRunner" name="runScenario" time="4.680"/>
</testsuite> <!-- com.project6.TestRunner -->
